2022-11-28 20:23:49,034 - wework_admin_logger - INFO - 创建driver
2022-11-28 20:23:51,480 - wework_admin_logger - INFO - 植入cookie
2022-11-28 20:23:51,537 - wework_admin_logger - INFO - 进入首页
2022-11-28 20:23:54,002 - wework_admin_logger - INFO - 回到首页
2022-11-28 20:23:54,139 - wework_admin_logger - INFO - 点击添加成员
2022-11-28 20:23:54,139 - wework_admin_logger - INFO - 点击元素：css selector .index_service_cnt_item
2022-11-28 20:23:54,139 - wework_admin_logger - INFO - 查找元素：css selector .index_service_cnt_item
2022-11-28 20:23:54,203 - wework_admin_logger - INFO - 输入成员信息：姓名： 罗雪、 accid：610925199111060227 、电话号码：18119529921
2022-11-28 20:23:54,204 - wework_admin_logger - INFO - 查找元素：id username
2022-11-28 20:23:55,325 - wework_admin_logger - INFO - 向元素id username 输入内容：罗雪
2022-11-28 20:23:55,349 - wework_admin_logger - INFO - 查找元素：id memberAdd_acctid
2022-11-28 20:23:55,385 - wework_admin_logger - INFO - 向元素id memberAdd_acctid 输入内容：610925199111060227
2022-11-28 20:23:55,470 - wework_admin_logger - INFO - 查找元素：id memberAdd_phone
2022-11-28 20:23:55,507 - wework_admin_logger - INFO - 向元素id memberAdd_phone 输入内容：18119529921
2022-11-28 20:23:55,562 - wework_admin_logger - INFO - 点击保存
2022-11-28 20:23:55,562 - wework_admin_logger - INFO - 点击元素：css selector .js_btn_save
2022-11-28 20:23:55,562 - wework_admin_logger - INFO - 查找元素：css selector .js_btn_save
2022-11-28 20:23:55,637 - wework_admin_logger - INFO - 获取tips提示语
2022-11-28 20:23:56,643 - wework_admin_logger - INFO - 查找元素：id js_tips
2022-11-28 20:23:56,658 - wework_admin_logger - DEBUG - 断言添加成员
2022-11-28 20:23:56,658 - wework_admin_logger - INFO - 回到首页
2022-11-28 20:23:56,754 - wework_admin_logger - INFO - 点击通讯录
2022-11-28 20:23:56,755 - wework_admin_logger - INFO - 点击元素：id menu_contacts
2022-11-28 20:23:56,755 - wework_admin_logger - INFO - 查找元素：id menu_contacts
2022-11-28 20:23:56,834 - wework_admin_logger - INFO - 勾选要删除的成员: 罗雪
2022-11-28 20:23:56,834 - wework_admin_logger - INFO - 点击元素：xpath //span[text()='罗雪']/../../td[1]
2022-11-28 20:23:56,834 - wework_admin_logger - INFO - 查找元素：xpath //span[text()='罗雪']/../../td[1]
2022-11-28 20:23:56,934 - wework_admin_logger - INFO - 点击删除
2022-11-28 20:23:56,935 - wework_admin_logger - INFO - 点击元素：css selector .ww_btn.js_delete
2022-11-28 20:23:56,935 - wework_admin_logger - INFO - 查找元素：css selector .ww_btn.js_delete
2022-11-28 20:23:57,000 - wework_admin_logger - INFO - 点击确认
2022-11-28 20:23:57,000 - wework_admin_logger - INFO - 点击元素：xpath //a[text()='确认']
2022-11-28 20:23:57,000 - wework_admin_logger - INFO - 查找元素：xpath //a[text()='确认']
2022-11-28 20:23:57,052 - wework_admin_logger - INFO - 回到首页
2022-11-28 20:23:57,174 - wework_admin_logger - INFO - 回到首页
2022-11-28 20:23:57,931 - wework_admin_logger - INFO - 点击通讯录
2022-11-28 20:23:57,931 - wework_admin_logger - INFO - 点击元素：id menu_contacts
2022-11-28 20:23:57,932 - wework_admin_logger - INFO - 查找元素：id menu_contacts
2022-11-28 20:23:58,171 - wework_admin_logger - INFO - 点击添加成员
2022-11-28 20:23:59,024 - wework_admin_logger - INFO - 输入成员信息：姓名： 王建军、 accid：510811195111092178 、电话号码：15633708534
2022-11-28 20:23:59,025 - wework_admin_logger - INFO - 查找元素：id username
2022-11-28 20:23:59,059 - wework_admin_logger - INFO - 向元素id username 输入内容：王建军
2022-11-28 20:23:59,090 - wework_admin_logger - INFO - 查找元素：id memberAdd_acctid
2022-11-28 20:23:59,123 - wework_admin_logger - INFO - 向元素id memberAdd_acctid 输入内容：510811195111092178
2022-11-28 20:23:59,205 - wework_admin_logger - INFO - 查找元素：id memberAdd_phone
2022-11-28 20:23:59,243 - wework_admin_logger - INFO - 向元素id memberAdd_phone 输入内容：15633708534
2022-11-28 20:23:59,299 - wework_admin_logger - INFO - 点击保存
2022-11-28 20:23:59,301 - wework_admin_logger - INFO - 点击元素：css selector .js_btn_save
2022-11-28 20:23:59,301 - wework_admin_logger - INFO - 查找元素：css selector .js_btn_save
2022-11-28 20:23:59,373 - wework_admin_logger - INFO - 获取tips提示语
2022-11-28 20:24:00,373 - wework_admin_logger - INFO - 查找元素：id js_tips
2022-11-28 20:24:00,388 - wework_admin_logger - DEBUG - 断言添加成员
2022-11-28 20:24:00,388 - wework_admin_logger - INFO - 回到首页
2022-11-28 20:24:00,476 - wework_admin_logger - INFO - 点击通讯录
2022-11-28 20:24:00,476 - wework_admin_logger - INFO - 点击元素：id menu_contacts
2022-11-28 20:24:00,476 - wework_admin_logger - INFO - 查找元素：id menu_contacts
2022-11-28 20:24:00,546 - wework_admin_logger - INFO - 勾选要删除的成员: 王建军
2022-11-28 20:24:00,547 - wework_admin_logger - INFO - 点击元素：xpath //span[text()='王建军']/../../td[1]
2022-11-28 20:24:00,547 - wework_admin_logger - INFO - 查找元素：xpath //span[text()='王建军']/../../td[1]
2022-11-28 20:24:00,657 - wework_admin_logger - INFO - 点击删除
2022-11-28 20:24:00,657 - wework_admin_logger - INFO - 点击元素：css selector .ww_btn.js_delete
2022-11-28 20:24:00,657 - wework_admin_logger - INFO - 查找元素：css selector .ww_btn.js_delete
2022-11-28 20:24:00,706 - wework_admin_logger - INFO - 点击确认
2022-11-28 20:24:00,707 - wework_admin_logger - INFO - 点击元素：xpath //a[text()='确认']
2022-11-28 20:24:00,707 - wework_admin_logger - INFO - 查找元素：xpath //a[text()='确认']
2022-11-28 20:24:00,756 - wework_admin_logger - INFO - 回到首页
2022-11-28 20:24:00,845 - wework_admin_logger - INFO - 回到首页
2022-11-28 20:24:01,563 - wework_admin_logger - INFO - 点击添加成员
2022-11-28 20:24:01,564 - wework_admin_logger - INFO - 点击元素：css selector .index_service_cnt_item
2022-11-28 20:24:01,564 - wework_admin_logger - INFO - 查找元素：css selector .index_service_cnt_item
2022-11-28 20:24:01,820 - wework_admin_logger - INFO - 输入成员信息：姓名： 李雷、 accid：371482199603175013 、电话号码：18862947103
2022-11-28 20:24:01,821 - wework_admin_logger - INFO - 查找元素：id username
2022-11-28 20:24:02,108 - wework_admin_logger - INFO - 向元素id username 输入内容：李雷
2022-11-28 20:24:02,135 - wework_admin_logger - INFO - 查找元素：id memberAdd_acctid
2022-11-28 20:24:02,170 - wework_admin_logger - INFO - 向元素id memberAdd_acctid 输入内容：371482199603175013
2022-11-28 20:24:02,257 - wework_admin_logger - INFO - 查找元素：id memberAdd_phone
2022-11-28 20:24:02,297 - wework_admin_logger - INFO - 向元素id memberAdd_phone 输入内容：18862947103
2022-11-28 20:24:02,361 - wework_admin_logger - INFO - 点击保存
2022-11-28 20:24:02,361 - wework_admin_logger - INFO - 点击元素：css selector .js_btn_save
2022-11-28 20:24:02,361 - wework_admin_logger - INFO - 查找元素：css selector .js_btn_save
2022-11-28 20:24:02,435 - wework_admin_logger - INFO - 勾选要删除的成员: 李雷
2022-11-28 20:24:02,435 - wework_admin_logger - INFO - 点击元素：xpath //span[text()='李雷']/../../td[1]
2022-11-28 20:24:02,436 - wework_admin_logger - INFO - 查找元素：xpath //span[text()='李雷']/../../td[1]
2022-11-28 20:24:03,650 - wework_admin_logger - INFO - 点击删除
2022-11-28 20:24:03,650 - wework_admin_logger - INFO - 点击元素：css selector .ww_btn.js_delete
2022-11-28 20:24:03,651 - wework_admin_logger - INFO - 查找元素：css selector .ww_btn.js_delete
2022-11-28 20:24:03,701 - wework_admin_logger - INFO - 点击确认
2022-11-28 20:24:03,701 - wework_admin_logger - INFO - 点击元素：xpath //a[text()='确认']
2022-11-28 20:24:03,702 - wework_admin_logger - INFO - 查找元素：xpath //a[text()='确认']
2022-11-28 20:24:03,749 - wework_admin_logger - INFO - 获取tips提示语
2022-11-28 20:24:04,757 - wework_admin_logger - INFO - 查找元素：id js_tips
2022-11-28 20:24:04,772 - wework_admin_logger - DEBUG - 断言删除成员
2022-11-28 20:24:04,772 - wework_admin_logger - INFO - 回到首页
2022-11-28 20:24:04,870 - wework_admin_logger - INFO - 关闭浏览器进程
2022-11-28 20:24:07,020 - wework_admin_logger - INFO - 创建driver
2022-11-28 20:24:09,411 - wework_admin_logger - INFO - 植入cookie
2022-11-28 20:24:09,461 - wework_admin_logger - INFO - 进入首页
2022-11-28 20:24:12,627 - wework_admin_logger - INFO - 点击通讯录
2022-11-28 20:24:12,627 - wework_admin_logger - INFO - 点击元素：id menu_contacts
2022-11-28 20:24:12,627 - wework_admin_logger - INFO - 查找元素：id menu_contacts
2022-11-28 20:24:12,695 - wework_admin_logger - INFO - 点击元素：css selector .member_colLeft_top_addBtn
2022-11-28 20:24:12,695 - wework_admin_logger - INFO - 查找元素：css selector .member_colLeft_top_addBtn
2022-11-28 20:24:15,671 - wework_admin_logger - INFO - 点击 添加部门
2022-11-28 20:24:15,671 - wework_admin_logger - INFO - 点击元素：xpath //a[text()='添加部门']
2022-11-28 20:24:15,671 - wework_admin_logger - INFO - 查找元素：xpath //a[text()='添加部门']
2022-11-28 20:24:15,748 - wework_admin_logger - INFO - 输入部门名称
2022-11-28 20:24:15,748 - wework_admin_logger - INFO - 查找元素：xpath //label[text()='部门名称']/../input
2022-11-28 20:24:15,791 - wework_admin_logger - INFO - 向元素xpath //label[text()='部门名称']/../input 输入内容：崔静
2022-11-28 20:24:15,818 - wework_admin_logger - INFO - 选择所属部门
2022-11-28 20:24:15,818 - wework_admin_logger - INFO - 点击元素：xpath //span[text()='选择所属部门']
2022-11-28 20:24:15,818 - wework_admin_logger - INFO - 查找元素：xpath //span[text()='选择所属部门']
2022-11-28 20:24:15,867 - wework_admin_logger - INFO - 查找元素：xpath //a[text()='测试企业-1']
2022-11-28 20:24:15,918 - wework_admin_logger - INFO - 点击确定
2022-11-28 20:24:15,919 - wework_admin_logger - INFO - 点击元素：xpath //a[text()='确定']
2022-11-28 20:24:15,919 - wework_admin_logger - INFO - 查找元素：xpath //a[text()='确定']
2022-11-28 20:24:16,002 - wework_admin_logger - INFO - 获取tips提示语
2022-11-28 20:24:17,003 - wework_admin_logger - INFO - 查找元素：id js_tips
2022-11-28 20:24:17,015 - wework_admin_logger - DEBUG - 断言添加部门
2022-11-28 20:24:17,015 - wework_admin_logger - INFO - 回到首页
2022-11-28 20:24:17,139 - wework_admin_logger - INFO - 点击通讯录
2022-11-28 20:24:17,140 - wework_admin_logger - INFO - 点击元素：id menu_contacts
2022-11-28 20:24:17,140 - wework_admin_logger - INFO - 查找元素：id menu_contacts
2022-11-28 20:24:17,220 - wework_admin_logger - INFO - 鼠标hover到崔静
2022-11-28 20:24:17,220 - wework_admin_logger - INFO - 查找元素：xpath //ul[@class='jstree-children']//a[text()='崔静']
2022-11-28 20:24:17,575 - wework_admin_logger - INFO - 点击更多按钮
2022-11-28 20:24:17,575 - wework_admin_logger - INFO - 点击元素：xpath //ul[@class='jstree-children']//a[text()='崔静']//span
2022-11-28 20:24:17,575 - wework_admin_logger - INFO - 查找元素：xpath //ul[@class='jstree-children']//a[text()='崔静']//span
2022-11-28 20:24:17,620 - wework_admin_logger - INFO - 点击删除
2022-11-28 20:24:17,621 - wework_admin_logger - INFO - 点击元素：xpath //ul[@class='vakata-context jstree-contextmenu jstree-default-contextmenu']//a[text()='删除']
2022-11-28 20:24:17,621 - wework_admin_logger - INFO - 查找元素：xpath //ul[@class='vakata-context jstree-contextmenu jstree-default-contextmenu']//a[text()='删除']
2022-11-28 20:24:17,673 - wework_admin_logger - INFO - 点击确认
2022-11-28 20:24:17,674 - wework_admin_logger - INFO - 点击元素：xpath //div[@class='qui_dialog_foot ww_dialog_foot']/a[text()='确定']
2022-11-28 20:24:17,674 - wework_admin_logger - INFO - 查找元素：xpath //div[@class='qui_dialog_foot ww_dialog_foot']/a[text()='确定']
2022-11-28 20:24:17,786 - wework_admin_logger - INFO - 点击通讯录
2022-11-28 20:24:17,786 - wework_admin_logger - INFO - 点击元素：id menu_contacts
2022-11-28 20:24:17,787 - wework_admin_logger - INFO - 查找元素：id menu_contacts
2022-11-28 20:24:18,027 - wework_admin_logger - INFO - 点击元素：css selector .member_colLeft_top_addBtn
2022-11-28 20:24:18,028 - wework_admin_logger - INFO - 查找元素：css selector .member_colLeft_top_addBtn
2022-11-28 20:24:18,068 - wework_admin_logger - INFO - 点击 添加部门
2022-11-28 20:24:18,069 - wework_admin_logger - INFO - 点击元素：xpath //a[text()='添加部门']
2022-11-28 20:24:18,069 - wework_admin_logger - INFO - 查找元素：xpath //a[text()='添加部门']
2022-11-28 20:24:18,145 - wework_admin_logger - INFO - 输入部门名称
2022-11-28 20:24:18,146 - wework_admin_logger - INFO - 查找元素：xpath //label[text()='部门名称']/../input
2022-11-28 20:24:18,192 - wework_admin_logger - INFO - 向元素xpath //label[text()='部门名称']/../input 输入内容：马春梅
2022-11-28 20:24:18,222 - wework_admin_logger - INFO - 选择所属部门
2022-11-28 20:24:18,222 - wework_admin_logger - INFO - 点击元素：xpath //span[text()='选择所属部门']
2022-11-28 20:24:18,222 - wework_admin_logger - INFO - 查找元素：xpath //span[text()='选择所属部门']
2022-11-28 20:24:18,267 - wework_admin_logger - INFO - 查找元素：xpath //a[text()='测试企业-1']
2022-11-28 20:24:18,316 - wework_admin_logger - INFO - 点击确定
2022-11-28 20:24:18,317 - wework_admin_logger - INFO - 点击元素：xpath //a[text()='确定']
2022-11-28 20:24:18,317 - wework_admin_logger - INFO - 查找元素：xpath //a[text()='确定']
2022-11-28 20:24:18,371 - wework_admin_logger - INFO - 鼠标hover到马春梅
2022-11-28 20:24:18,372 - wework_admin_logger - INFO - 查找元素：xpath //ul[@class='jstree-children']//a[text()='马春梅']
2022-11-28 20:24:18,906 - wework_admin_logger - INFO - 点击更多按钮
2022-11-28 20:24:18,907 - wework_admin_logger - INFO - 点击元素：xpath //ul[@class='jstree-children']//a[text()='马春梅']//span
2022-11-28 20:24:18,907 - wework_admin_logger - INFO - 查找元素：xpath //ul[@class='jstree-children']//a[text()='马春梅']//span
2022-11-28 20:24:18,959 - wework_admin_logger - INFO - 点击删除
2022-11-28 20:24:18,959 - wework_admin_logger - INFO - 点击元素：xpath //ul[@class='vakata-context jstree-contextmenu jstree-default-contextmenu']//a[text()='删除']
2022-11-28 20:24:18,960 - wework_admin_logger - INFO - 查找元素：xpath //ul[@class='vakata-context jstree-contextmenu jstree-default-contextmenu']//a[text()='删除']
2022-11-28 20:24:19,001 - wework_admin_logger - INFO - 点击确认
2022-11-28 20:24:19,001 - wework_admin_logger - INFO - 点击元素：xpath //div[@class='qui_dialog_foot ww_dialog_foot']/a[text()='确定']
2022-11-28 20:24:19,001 - wework_admin_logger - INFO - 查找元素：xpath //div[@class='qui_dialog_foot ww_dialog_foot']/a[text()='确定']
2022-11-28 20:24:19,049 - wework_admin_logger - INFO - 获取tips提示语
2022-11-28 20:24:20,050 - wework_admin_logger - INFO - 查找元素：id js_tips
2022-11-28 20:24:20,050 - wework_admin_logger - DEBUG - 断言删除部门
2022-11-28 20:24:20,112 - wework_admin_logger - INFO - 点击通讯录
2022-11-28 20:24:20,112 - wework_admin_logger - INFO - 点击元素：id menu_contacts
2022-11-28 20:24:20,112 - wework_admin_logger - INFO - 查找元素：id menu_contacts
2022-11-28 20:24:20,173 - wework_admin_logger - INFO - 点击元素：css selector .member_colLeft_top_addBtn
2022-11-28 20:24:20,174 - wework_admin_logger - INFO - 查找元素：css selector .member_colLeft_top_addBtn
2022-11-28 20:24:20,202 - wework_admin_logger - INFO - 点击 添加部门
2022-11-28 20:24:20,203 - wework_admin_logger - INFO - 点击元素：xpath //a[text()='添加部门']
2022-11-28 20:24:20,203 - wework_admin_logger - INFO - 查找元素：xpath //a[text()='添加部门']
2022-11-28 20:24:20,259 - wework_admin_logger - INFO - 输入部门名称
2022-11-28 20:24:20,259 - wework_admin_logger - INFO - 查找元素：xpath //label[text()='部门名称']/../input
2022-11-28 20:24:20,306 - wework_admin_logger - INFO - 向元素xpath //label[text()='部门名称']/../input 输入内容：季建平
2022-11-28 20:24:20,335 - wework_admin_logger - INFO - 选择所属部门
2022-11-28 20:24:20,335 - wework_admin_logger - INFO - 点击元素：xpath //span[text()='选择所属部门']
2022-11-28 20:24:20,335 - wework_admin_logger - INFO - 查找元素：xpath //span[text()='选择所属部门']
2022-11-28 20:24:20,381 - wework_admin_logger - INFO - 查找元素：xpath //a[text()='测试企业-1']
2022-11-28 20:24:20,427 - wework_admin_logger - INFO - 点击确定
2022-11-28 20:24:20,428 - wework_admin_logger - INFO - 点击元素：xpath //a[text()='确定']
2022-11-28 20:24:20,428 - wework_admin_logger - INFO - 查找元素：xpath //a[text()='确定']
2022-11-28 20:24:20,476 - wework_admin_logger - INFO - 点击通讯录
2022-11-28 20:24:20,477 - wework_admin_logger - INFO - 点击元素：id menu_contacts
2022-11-28 20:24:20,477 - wework_admin_logger - INFO - 查找元素：id menu_contacts
2022-11-28 20:24:20,653 - wework_admin_logger - INFO - 查找元素：xpath //ul[@class='jstree-children']//a[text()='季建平']
2022-11-28 20:24:21,068 - wework_admin_logger - INFO - 点击元素：xpath //ul[@class='jstree-children']//a[text()='季建平']//span
2022-11-28 20:24:21,068 - wework_admin_logger - INFO - 查找元素：xpath //ul[@class='jstree-children']//a[text()='季建平']//span
2022-11-28 20:24:21,114 - wework_admin_logger - INFO - 点击元素：xpath //ul[@class='vakata-context jstree-contextmenu jstree-default-contextmenu']//a[text()='修改名称']
2022-11-28 20:24:21,115 - wework_admin_logger - INFO - 查找元素：xpath //ul[@class='vakata-context jstree-contextmenu jstree-default-contextmenu']//a[text()='修改名称']
2022-11-28 20:24:21,167 - wework_admin_logger - INFO - 查找元素：xpath //label[text()='部门名称']/../input
2022-11-28 20:24:21,285 - wework_admin_logger - INFO - 点击元素：xpath //div[@class='qui_dialog_foot ww_dialog_foot']/a[text()='保存']
2022-11-28 20:24:21,286 - wework_admin_logger - INFO - 查找元素：xpath //div[@class='qui_dialog_foot ww_dialog_foot']/a[text()='保存']
2022-11-28 20:24:21,337 - wework_admin_logger - INFO - 获取tips提示语
2022-11-28 20:24:22,343 - wework_admin_logger - INFO - 查找元素：id js_tips
2022-11-28 20:24:22,343 - wework_admin_logger - DEBUG - 断言修改名称
2022-11-28 20:24:22,358 - wework_admin_logger - INFO - 回到首页
2022-11-28 20:24:22,443 - wework_admin_logger - INFO - 点击通讯录
2022-11-28 20:24:22,443 - wework_admin_logger - INFO - 点击元素：id menu_contacts
2022-11-28 20:24:22,443 - wework_admin_logger - INFO - 查找元素：id menu_contacts
2022-11-28 20:24:22,513 - wework_admin_logger - INFO - 鼠标hover到季建平1669638260.112565
2022-11-28 20:24:22,514 - wework_admin_logger - INFO - 查找元素：xpath //ul[@class='jstree-children']//a[text()='季建平1669638260.112565']
2022-11-28 20:24:22,866 - wework_admin_logger - INFO - 点击更多按钮
2022-11-28 20:24:22,866 - wework_admin_logger - INFO - 点击元素：xpath //ul[@class='jstree-children']//a[text()='季建平1669638260.112565']//span
2022-11-28 20:24:22,866 - wework_admin_logger - INFO - 查找元素：xpath //ul[@class='jstree-children']//a[text()='季建平1669638260.112565']//span
2022-11-28 20:24:22,905 - wework_admin_logger - INFO - 点击删除
2022-11-28 20:24:22,905 - wework_admin_logger - INFO - 点击元素：xpath //ul[@class='vakata-context jstree-contextmenu jstree-default-contextmenu']//a[text()='删除']
2022-11-28 20:24:22,905 - wework_admin_logger - INFO - 查找元素：xpath //ul[@class='vakata-context jstree-contextmenu jstree-default-contextmenu']//a[text()='删除']
2022-11-28 20:24:22,962 - wework_admin_logger - INFO - 点击确认
2022-11-28 20:24:22,963 - wework_admin_logger - INFO - 点击元素：xpath //div[@class='qui_dialog_foot ww_dialog_foot']/a[text()='确定']
2022-11-28 20:24:22,963 - wework_admin_logger - INFO - 查找元素：xpath //div[@class='qui_dialog_foot ww_dialog_foot']/a[text()='确定']
2022-11-28 20:24:23,010 - wework_admin_logger - INFO - 关闭浏览器进程
2022-11-28 20:24:25,152 - wework_admin_logger - INFO - 创建driver
2022-11-28 20:24:27,830 - wework_admin_logger - INFO - 植入cookie
2022-11-28 20:24:27,911 - wework_admin_logger - INFO - 进入首页
2022-11-28 20:24:30,008 - wework_admin_logger - INFO - 点击通讯录
2022-11-28 20:24:30,009 - wework_admin_logger - INFO - 点击元素：id menu_contacts
2022-11-28 20:24:30,009 - wework_admin_logger - INFO - 查找元素：id menu_contacts
2022-11-28 20:24:30,079 - wework_admin_logger - INFO - 点击添加标签
2022-11-28 20:24:30,080 - wework_admin_logger - INFO - 点击元素：xpath //ul[@class='ww_btnGroup']//a[text()='标签']
2022-11-28 20:24:30,080 - wework_admin_logger - INFO - 查找元素：xpath //ul[@class='ww_btnGroup']//a[text()='标签']
2022-11-28 20:24:34,627 - wework_admin_logger - INFO - 输入标签名： 李建
2022-11-28 20:24:34,628 - wework_admin_logger - INFO - 查找元素：xpath //label[text()='标签名称 ']/../..//input
2022-11-28 20:24:34,666 - wework_admin_logger - INFO - 向元素xpath //label[text()='标签名称 ']/../..//input 输入内容：李建
2022-11-28 20:24:34,691 - wework_admin_logger - INFO - 点击确定
2022-11-28 20:24:34,691 - wework_admin_logger - INFO - 点击元素：xpath //div[@class='qui_dialog_foot ww_dialog_foot']/a[text()='确定']
2022-11-28 20:24:34,692 - wework_admin_logger - INFO - 查找元素：xpath //div[@class='qui_dialog_foot ww_dialog_foot']/a[text()='确定']
2022-11-28 20:24:34,747 - wework_admin_logger - INFO - 获取tips提示语
2022-11-28 20:24:35,761 - wework_admin_logger - INFO - 查找元素：id js_tips
2022-11-28 20:24:35,777 - wework_admin_logger - DEBUG - 断言创建标签: 李建
2022-11-28 20:24:35,777 - wework_admin_logger - INFO - 点击通讯录
2022-11-28 20:24:35,777 - wework_admin_logger - INFO - 点击元素：id menu_contacts
2022-11-28 20:24:35,777 - wework_admin_logger - INFO - 查找元素：id menu_contacts
2022-11-28 20:24:35,849 - wework_admin_logger - INFO - 点击标签tab
2022-11-28 20:24:35,849 - wework_admin_logger - INFO - 点击元素：xpath //ul[@class='ww_btnGroup']//a[text()='标签']
2022-11-28 20:24:35,850 - wework_admin_logger - INFO - 查找元素：xpath //ul[@class='ww_btnGroup']//a[text()='标签']
2022-11-28 20:24:35,912 - wework_admin_logger - INFO - 查找元素：xpath //ul[@class='member_tag_list']/li[text()='李建 ']
2022-11-28 20:24:36,197 - wework_admin_logger - INFO - 点击元素：xpath //ul[@class='member_tag_list']/li[text()='李建 ']//a
2022-11-28 20:24:36,197 - wework_admin_logger - INFO - 查找元素：xpath //ul[@class='member_tag_list']/li[text()='李建 ']//a
2022-11-28 20:24:36,238 - wework_admin_logger - INFO - 点击删除
2022-11-28 20:24:36,239 - wework_admin_logger - INFO - 点击元素：xpath //ul[@class='vakata-context jstree-contextmenu jstree-default-contextmenu']//a[text()='删除']
2022-11-28 20:24:36,239 - wework_admin_logger - INFO - 查找元素：xpath //ul[@class='vakata-context jstree-contextmenu jstree-default-contextmenu']//a[text()='删除']
2022-11-28 20:24:36,287 - wework_admin_logger - INFO - 点击确定
2022-11-28 20:24:36,287 - wework_admin_logger - INFO - 点击元素：xpath //div[@class='qui_dialog_foot ww_dialog_foot']/a[text()='确定']
2022-11-28 20:24:36,288 - wework_admin_logger - INFO - 查找元素：xpath //div[@class='qui_dialog_foot ww_dialog_foot']/a[text()='确定']
2022-11-28 20:24:36,401 - wework_admin_logger - INFO - 点击通讯录
2022-11-28 20:24:36,402 - wework_admin_logger - INFO - 点击元素：id menu_contacts
2022-11-28 20:24:36,402 - wework_admin_logger - INFO - 查找元素：id menu_contacts
2022-11-28 20:24:36,657 - wework_admin_logger - INFO - 点击添加标签
2022-11-28 20:24:36,657 - wework_admin_logger - INFO - 点击元素：xpath //ul[@class='ww_btnGroup']//a[text()='标签']
2022-11-28 20:24:36,658 - wework_admin_logger - INFO - 查找元素：xpath //ul[@class='ww_btnGroup']//a[text()='标签']
2022-11-28 20:24:36,801 - wework_admin_logger - INFO - 输入标签名： 李金凤
2022-11-28 20:24:36,801 - wework_admin_logger - INFO - 查找元素：xpath //label[text()='标签名称 ']/../..//input
2022-11-28 20:24:36,840 - wework_admin_logger - INFO - 向元素xpath //label[text()='标签名称 ']/../..//input 输入内容：李金凤
2022-11-28 20:24:36,868 - wework_admin_logger - INFO - 点击确定
2022-11-28 20:24:36,868 - wework_admin_logger - INFO - 点击元素：xpath //div[@class='qui_dialog_foot ww_dialog_foot']/a[text()='确定']
2022-11-28 20:24:36,869 - wework_admin_logger - INFO - 查找元素：xpath //div[@class='qui_dialog_foot ww_dialog_foot']/a[text()='确定']
2022-11-28 20:24:36,921 - wework_admin_logger - INFO - 点击通讯录
2022-11-28 20:24:36,921 - wework_admin_logger - INFO - 点击元素：id menu_contacts
2022-11-28 20:24:36,922 - wework_admin_logger - INFO - 查找元素：id menu_contacts
2022-11-28 20:24:37,432 - wework_admin_logger - INFO - 点击标签tab
2022-11-28 20:24:37,432 - wework_admin_logger - INFO - 点击元素：xpath //ul[@class='ww_btnGroup']//a[text()='标签']
2022-11-28 20:24:37,432 - wework_admin_logger - INFO - 查找元素：xpath //ul[@class='ww_btnGroup']//a[text()='标签']
2022-11-28 20:24:37,502 - wework_admin_logger - INFO - 查找元素：xpath //ul[@class='member_tag_list']/li[text()='李金凤 ']
2022-11-28 20:24:37,776 - wework_admin_logger - INFO - 点击元素：xpath //ul[@class='member_tag_list']/li[text()='李金凤 ']//a
2022-11-28 20:24:37,776 - wework_admin_logger - INFO - 查找元素：xpath //ul[@class='member_tag_list']/li[text()='李金凤 ']//a
2022-11-28 20:24:37,817 - wework_admin_logger - INFO - 点击删除
2022-11-28 20:24:37,818 - wework_admin_logger - INFO - 点击元素：xpath //ul[@class='vakata-context jstree-contextmenu jstree-default-contextmenu']//a[text()='删除']
2022-11-28 20:24:37,819 - wework_admin_logger - INFO - 查找元素：xpath //ul[@class='vakata-context jstree-contextmenu jstree-default-contextmenu']//a[text()='删除']
2022-11-28 20:24:37,869 - wework_admin_logger - INFO - 点击确定
2022-11-28 20:24:37,869 - wework_admin_logger - INFO - 点击元素：xpath //div[@class='qui_dialog_foot ww_dialog_foot']/a[text()='确定']
2022-11-28 20:24:37,869 - wework_admin_logger - INFO - 查找元素：xpath //div[@class='qui_dialog_foot ww_dialog_foot']/a[text()='确定']
2022-11-28 20:24:37,912 - wework_admin_logger - INFO - 获取tips提示语
2022-11-28 20:24:38,920 - wework_admin_logger - INFO - 查找元素：id js_tips
2022-11-28 20:24:38,920 - wework_admin_logger - DEBUG - 断言删除标签: 李金凤
2022-11-28 20:24:38,967 - wework_admin_logger - INFO - 点击通讯录
2022-11-28 20:24:38,967 - wework_admin_logger - INFO - 点击元素：id menu_contacts
2022-11-28 20:24:38,982 - wework_admin_logger - INFO - 查找元素：id menu_contacts
2022-11-28 20:24:39,047 - wework_admin_logger - INFO - 点击添加标签
2022-11-28 20:24:39,048 - wework_admin_logger - INFO - 点击元素：xpath //ul[@class='ww_btnGroup']//a[text()='标签']
2022-11-28 20:24:39,048 - wework_admin_logger - INFO - 查找元素：xpath //ul[@class='ww_btnGroup']//a[text()='标签']
2022-11-28 20:24:39,178 - wework_admin_logger - INFO - 输入标签名： 黄涛
2022-11-28 20:24:39,179 - wework_admin_logger - INFO - 查找元素：xpath //label[text()='标签名称 ']/../..//input
2022-11-28 20:24:39,211 - wework_admin_logger - INFO - 向元素xpath //label[text()='标签名称 ']/../..//input 输入内容：黄涛
2022-11-28 20:24:39,239 - wework_admin_logger - INFO - 点击确定
2022-11-28 20:24:39,240 - wework_admin_logger - INFO - 点击元素：xpath //div[@class='qui_dialog_foot ww_dialog_foot']/a[text()='确定']
2022-11-28 20:24:39,240 - wework_admin_logger - INFO - 查找元素：xpath //div[@class='qui_dialog_foot ww_dialog_foot']/a[text()='确定']
2022-11-28 20:24:39,290 - wework_admin_logger - INFO - 点击通讯录
2022-11-28 20:24:39,290 - wework_admin_logger - INFO - 点击元素：id menu_contacts
2022-11-28 20:24:39,291 - wework_admin_logger - INFO - 查找元素：id menu_contacts
2022-11-28 20:24:39,804 - wework_admin_logger - INFO - 点击元素：xpath //ul[@class='ww_btnGroup']//a[text()='标签']
2022-11-28 20:24:39,804 - wework_admin_logger - INFO - 查找元素：xpath //ul[@class='ww_btnGroup']//a[text()='标签']
2022-11-28 20:24:39,878 - wework_admin_logger - INFO - 鼠标hover
2022-11-28 20:24:39,879 - wework_admin_logger - INFO - 查找元素：xpath //ul[@class='member_tag_list']//li[text()='黄涛 ']
2022-11-28 20:24:40,182 - wework_admin_logger - INFO - 点击更多按钮
2022-11-28 20:24:40,183 - wework_admin_logger - INFO - 点击元素：xpath //ul[@class='member_tag_list']//li[text()='黄涛 ']/a
2022-11-28 20:24:40,183 - wework_admin_logger - INFO - 查找元素：xpath //ul[@class='member_tag_list']//li[text()='黄涛 ']/a
2022-11-28 20:24:40,222 - wework_admin_logger - INFO - 点击修改名称
2022-11-28 20:24:40,222 - wework_admin_logger - INFO - 点击元素：xpath //ul[@class='vakata-context jstree-contextmenu jstree-default-contextmenu']//a[text()='修改名称']
2022-11-28 20:24:40,222 - wework_admin_logger - INFO - 查找元素：xpath //ul[@class='vakata-context jstree-contextmenu jstree-default-contextmenu']//a[text()='修改名称']
2022-11-28 20:24:40,274 - wework_admin_logger - INFO - 查找元素：xpath //div[@class='member_tag_dialog_inputDlg']//input
2022-11-28 20:24:40,329 - wework_admin_logger - INFO - 向元素xpath //div[@class='member_tag_dialog_inputDlg']//input 输入内容：黄涛1669638278.9670112
2022-11-28 20:24:40,399 - wework_admin_logger - INFO - 点击确定
2022-11-28 20:24:40,400 - wework_admin_logger - INFO - 点击元素：xpath //div[@class='qui_dialog_foot ww_dialog_foot']/a[text()='确定']
2022-11-28 20:24:40,400 - wework_admin_logger - INFO - 查找元素：xpath //div[@class='qui_dialog_foot ww_dialog_foot']/a[text()='确定']
2022-11-28 20:24:40,443 - wework_admin_logger - INFO - 获取tips提示语
2022-11-28 20:24:41,451 - wework_admin_logger - INFO - 查找元素：id js_tips
2022-11-28 20:24:41,451 - wework_admin_logger - DEBUG - 断言修改标签名：黄涛
2022-11-28 20:24:41,466 - wework_admin_logger - INFO - 点击通讯录
2022-11-28 20:24:41,466 - wework_admin_logger - INFO - 点击元素：id menu_contacts
2022-11-28 20:24:41,466 - wework_admin_logger - INFO - 查找元素：id menu_contacts
2022-11-28 20:24:41,531 - wework_admin_logger - INFO - 点击标签tab
2022-11-28 20:24:41,532 - wework_admin_logger - INFO - 点击元素：xpath //ul[@class='ww_btnGroup']//a[text()='标签']
2022-11-28 20:24:41,532 - wework_admin_logger - INFO - 查找元素：xpath //ul[@class='ww_btnGroup']//a[text()='标签']
2022-11-28 20:24:41,593 - wework_admin_logger - INFO - 查找元素：xpath //ul[@class='member_tag_list']/li[text()='黄涛1669638278.9670112 ']
2022-11-28 20:24:41,880 - wework_admin_logger - INFO - 点击元素：xpath //ul[@class='member_tag_list']/li[text()='黄涛1669638278.9670112 ']//a
2022-11-28 20:24:41,881 - wework_admin_logger - INFO - 查找元素：xpath //ul[@class='member_tag_list']/li[text()='黄涛1669638278.9670112 ']//a
2022-11-28 20:24:41,921 - wework_admin_logger - INFO - 点击删除
2022-11-28 20:24:41,922 - wework_admin_logger - INFO - 点击元素：xpath //ul[@class='vakata-context jstree-contextmenu jstree-default-contextmenu']//a[text()='删除']
2022-11-28 20:24:41,922 - wework_admin_logger - INFO - 查找元素：xpath //ul[@class='vakata-context jstree-contextmenu jstree-default-contextmenu']//a[text()='删除']
2022-11-28 20:24:41,966 - wework_admin_logger - INFO - 点击确定
2022-11-28 20:24:41,966 - wework_admin_logger - INFO - 点击元素：xpath //div[@class='qui_dialog_foot ww_dialog_foot']/a[text()='确定']
2022-11-28 20:24:41,967 - wework_admin_logger - INFO - 查找元素：xpath //div[@class='qui_dialog_foot ww_dialog_foot']/a[text()='确定']
2022-11-28 20:24:42,013 - wework_admin_logger - INFO - 关闭浏览器进程
