2022-11-28 19:27:16,896 - wework_admin_logger - INFO - 创建driver
2022-11-28 19:27:22,732 - wework_admin_logger - INFO - 植入cookie
2022-11-28 19:27:22,778 - wework_admin_logger - INFO - 进入首页
2022-11-28 19:27:46,857 - wework_admin_logger - INFO - 回到首页
2022-11-28 19:27:47,019 - wework_admin_logger - INFO - 点击添加成员
2022-11-28 19:27:47,019 - wework_admin_logger - INFO - 点击元素：css selector .index_service_cnt_item
2022-11-28 19:27:47,020 - wework_admin_logger - INFO - 查找元素：css selector .index_service_cnt_item
2022-11-28 19:28:57,069 - wework_admin_logger - INFO - 回到首页
2022-11-28 19:28:57,181 - wework_admin_logger - INFO - 回到首页
2022-11-28 19:29:01,020 - wework_admin_logger - INFO - 回到首页
2022-11-28 19:29:22,617 - wework_admin_logger - INFO - 点击添加成员
2022-11-28 19:29:22,617 - wework_admin_logger - INFO - 点击元素：css selector .index_service_cnt_item
2022-11-28 19:29:22,617 - wework_admin_logger - INFO - 查找元素：css selector .index_service_cnt_item
2022-11-28 19:29:23,536 - wework_admin_logger - INFO - 输入成员信息：姓名： 段玲、 accid：150723199408053701 、电话号码：15564267848
2022-11-28 19:29:23,536 - wework_admin_logger - INFO - 查找元素：id username
2022-11-28 19:29:23,578 - wework_admin_logger - INFO - 向元素id username 输入内容：段玲
2022-11-28 19:29:23,606 - wework_admin_logger - INFO - 查找元素：id memberAdd_acctid
2022-11-28 19:29:23,643 - wework_admin_logger - INFO - 向元素id memberAdd_acctid 输入内容：150723199408053701
2022-11-28 19:29:23,712 - wework_admin_logger - INFO - 查找元素：id memberAdd_phone
2022-11-28 19:29:23,747 - wework_admin_logger - INFO - 向元素id memberAdd_phone 输入内容：15564267848
2022-11-28 19:29:23,802 - wework_admin_logger - INFO - 点击保存
2022-11-28 19:29:23,803 - wework_admin_logger - INFO - 点击元素：css selector .js_btn_save
2022-11-28 19:29:23,803 - wework_admin_logger - INFO - 查找元素：css selector .js_btn_save
2022-11-28 19:29:24,120 - wework_admin_logger - INFO - 勾选要删除的成员: 段玲
2022-11-28 19:29:24,121 - wework_admin_logger - INFO - 点击元素：xpath //span[text()='段玲']/../../td[1]
2022-11-28 19:29:24,121 - wework_admin_logger - INFO - 查找元素：xpath //span[text()='段玲']/../../td[1]
2022-11-28 19:29:25,140 - wework_admin_logger - INFO - 点击删除
2022-11-28 19:29:25,140 - wework_admin_logger - INFO - 点击元素：css selector .ww_btn.js_delete
2022-11-28 19:29:25,141 - wework_admin_logger - INFO - 查找元素：css selector .ww_btn.js_delete
2022-11-28 19:29:25,199 - wework_admin_logger - INFO - 点击确认
2022-11-28 19:29:25,199 - wework_admin_logger - INFO - 点击元素：xpath //a[text()='确认']
2022-11-28 19:29:25,199 - wework_admin_logger - INFO - 查找元素：xpath //a[text()='确认']
2022-11-28 19:29:25,251 - wework_admin_logger - INFO - 获取tips提示语
2022-11-28 19:29:26,260 - wework_admin_logger - INFO - 查找元素：id js_tips
2022-11-28 19:29:26,285 - wework_admin_logger - DEBUG - 断言删除成员
2022-11-28 19:29:26,286 - wework_admin_logger - INFO - 回到首页
2022-11-28 19:29:26,385 - wework_admin_logger - INFO - 关闭浏览器进程
2022-11-28 19:29:28,576 - wework_admin_logger - INFO - 创建driver
2022-11-28 19:29:31,205 - wework_admin_logger - INFO - 植入cookie
2022-11-28 19:29:31,258 - wework_admin_logger - INFO - 进入首页
2022-11-28 19:29:33,813 - wework_admin_logger - INFO - 点击通讯录
2022-11-28 19:29:33,814 - wework_admin_logger - INFO - 点击元素：id menu_contacts
2022-11-28 19:29:33,814 - wework_admin_logger - INFO - 查找元素：id menu_contacts
2022-11-28 19:29:33,882 - wework_admin_logger - INFO - 点击元素：css selector .member_colLeft_top_addBtn
2022-11-28 19:29:33,882 - wework_admin_logger - INFO - 查找元素：css selector .member_colLeft_top_addBtn
2022-11-28 19:29:34,969 - wework_admin_logger - INFO - 点击 添加部门
2022-11-28 19:29:34,969 - wework_admin_logger - INFO - 点击元素：xpath //a[text()='添加部门']
2022-11-28 19:29:34,970 - wework_admin_logger - INFO - 查找元素：xpath //a[text()='添加部门']
2022-11-28 19:29:35,049 - wework_admin_logger - INFO - 输入部门名称
2022-11-28 19:29:35,049 - wework_admin_logger - INFO - 查找元素：xpath //label[text()='部门名称']/../input
2022-11-28 19:29:35,096 - wework_admin_logger - INFO - 向元素xpath //label[text()='部门名称']/../input 输入内容：张浩
2022-11-28 19:29:35,122 - wework_admin_logger - INFO - 选择所属部门
2022-11-28 19:29:35,123 - wework_admin_logger - INFO - 点击元素：xpath //span[text()='选择所属部门']
2022-11-28 19:29:35,125 - wework_admin_logger - INFO - 查找元素：xpath //span[text()='选择所属部门']
2022-11-28 19:29:35,169 - wework_admin_logger - INFO - 查找元素：xpath //a[text()='测试企业-1']
2022-11-28 19:29:35,221 - wework_admin_logger - INFO - 点击确定
2022-11-28 19:29:35,222 - wework_admin_logger - INFO - 点击元素：xpath //a[text()='确定']
2022-11-28 19:29:35,222 - wework_admin_logger - INFO - 查找元素：xpath //a[text()='确定']
2022-11-28 19:29:35,286 - wework_admin_logger - INFO - 获取tips提示语
2022-11-28 19:29:36,296 - wework_admin_logger - INFO - 查找元素：id js_tips
2022-11-28 19:29:36,319 - wework_admin_logger - DEBUG - 断言添加部门
2022-11-28 19:29:36,320 - wework_admin_logger - INFO - 回到首页
2022-11-28 19:29:36,413 - wework_admin_logger - INFO - 点击通讯录
2022-11-28 19:29:36,414 - wework_admin_logger - INFO - 点击元素：id menu_contacts
2022-11-28 19:29:36,414 - wework_admin_logger - INFO - 查找元素：id menu_contacts
2022-11-28 19:29:36,477 - wework_admin_logger - INFO - 鼠标hover到张浩
2022-11-28 19:29:36,478 - wework_admin_logger - INFO - 查找元素：xpath //ul[@class='jstree-children']//a[text()='张浩']
2022-11-28 19:29:36,812 - wework_admin_logger - INFO - 点击更多按钮
2022-11-28 19:29:36,813 - wework_admin_logger - INFO - 点击元素：xpath //ul[@class='jstree-children']//a[text()='张浩']//span
2022-11-28 19:29:36,813 - wework_admin_logger - INFO - 查找元素：xpath //ul[@class='jstree-children']//a[text()='张浩']//span
2022-11-28 19:29:36,862 - wework_admin_logger - INFO - 点击删除
2022-11-28 19:29:36,862 - wework_admin_logger - INFO - 点击元素：xpath //ul[@class='vakata-context jstree-contextmenu jstree-default-contextmenu']//a[text()='删除']
2022-11-28 19:29:36,862 - wework_admin_logger - INFO - 查找元素：xpath //ul[@class='vakata-context jstree-contextmenu jstree-default-contextmenu']//a[text()='删除']
2022-11-28 19:29:36,910 - wework_admin_logger - INFO - 点击确认
2022-11-28 19:29:36,910 - wework_admin_logger - INFO - 点击元素：xpath //div[@class='qui_dialog_foot ww_dialog_foot']/a[text()='确定']
2022-11-28 19:29:36,911 - wework_admin_logger - INFO - 查找元素：xpath //div[@class='qui_dialog_foot ww_dialog_foot']/a[text()='确定']
2022-11-28 19:29:37,023 - wework_admin_logger - INFO - 点击通讯录
2022-11-28 19:29:37,023 - wework_admin_logger - INFO - 点击元素：id menu_contacts
2022-11-28 19:29:37,024 - wework_admin_logger - INFO - 查找元素：id menu_contacts
2022-11-28 19:29:37,258 - wework_admin_logger - INFO - 点击元素：css selector .member_colLeft_top_addBtn
2022-11-28 19:29:37,258 - wework_admin_logger - INFO - 查找元素：css selector .member_colLeft_top_addBtn
2022-11-28 19:29:37,295 - wework_admin_logger - INFO - 点击 添加部门
2022-11-28 19:29:37,295 - wework_admin_logger - INFO - 点击元素：xpath //a[text()='添加部门']
2022-11-28 19:29:37,295 - wework_admin_logger - INFO - 查找元素：xpath //a[text()='添加部门']
2022-11-28 19:29:37,372 - wework_admin_logger - INFO - 输入部门名称
2022-11-28 19:29:37,372 - wework_admin_logger - INFO - 查找元素：xpath //label[text()='部门名称']/../input
2022-11-28 19:29:37,416 - wework_admin_logger - INFO - 向元素xpath //label[text()='部门名称']/../input 输入内容：刘玲
2022-11-28 19:29:37,441 - wework_admin_logger - INFO - 选择所属部门
2022-11-28 19:29:37,441 - wework_admin_logger - INFO - 点击元素：xpath //span[text()='选择所属部门']
2022-11-28 19:29:37,442 - wework_admin_logger - INFO - 查找元素：xpath //span[text()='选择所属部门']
2022-11-28 19:29:37,482 - wework_admin_logger - INFO - 查找元素：xpath //a[text()='测试企业-1']
2022-11-28 19:29:37,530 - wework_admin_logger - INFO - 点击确定
2022-11-28 19:29:37,531 - wework_admin_logger - INFO - 点击元素：xpath //a[text()='确定']
2022-11-28 19:29:37,531 - wework_admin_logger - INFO - 查找元素：xpath //a[text()='确定']
2022-11-28 19:29:37,591 - wework_admin_logger - INFO - 鼠标hover到刘玲
2022-11-28 19:29:37,591 - wework_admin_logger - INFO - 查找元素：xpath //ul[@class='jstree-children']//a[text()='刘玲']
2022-11-28 19:29:38,128 - wework_admin_logger - INFO - 点击更多按钮
2022-11-28 19:29:38,129 - wework_admin_logger - INFO - 点击元素：xpath //ul[@class='jstree-children']//a[text()='刘玲']//span
2022-11-28 19:29:38,129 - wework_admin_logger - INFO - 查找元素：xpath //ul[@class='jstree-children']//a[text()='刘玲']//span
2022-11-28 19:29:38,174 - wework_admin_logger - INFO - 点击删除
2022-11-28 19:29:38,175 - wework_admin_logger - INFO - 点击元素：xpath //ul[@class='vakata-context jstree-contextmenu jstree-default-contextmenu']//a[text()='删除']
2022-11-28 19:29:38,175 - wework_admin_logger - INFO - 查找元素：xpath //ul[@class='vakata-context jstree-contextmenu jstree-default-contextmenu']//a[text()='删除']
2022-11-28 19:29:38,219 - wework_admin_logger - INFO - 点击确认
2022-11-28 19:29:38,219 - wework_admin_logger - INFO - 点击元素：xpath //div[@class='qui_dialog_foot ww_dialog_foot']/a[text()='确定']
2022-11-28 19:29:38,219 - wework_admin_logger - INFO - 查找元素：xpath //div[@class='qui_dialog_foot ww_dialog_foot']/a[text()='确定']
2022-11-28 19:29:38,263 - wework_admin_logger - INFO - 获取tips提示语
2022-11-28 19:29:39,267 - wework_admin_logger - INFO - 查找元素：id js_tips
2022-11-28 19:29:39,281 - wework_admin_logger - DEBUG - 断言删除部门
2022-11-28 19:29:39,335 - wework_admin_logger - INFO - 点击通讯录
2022-11-28 19:29:39,336 - wework_admin_logger - INFO - 点击元素：id menu_contacts
2022-11-28 19:29:39,336 - wework_admin_logger - INFO - 查找元素：id menu_contacts
2022-11-28 19:29:39,389 - wework_admin_logger - INFO - 点击元素：css selector .member_colLeft_top_addBtn
2022-11-28 19:29:39,390 - wework_admin_logger - INFO - 查找元素：css selector .member_colLeft_top_addBtn
2022-11-28 19:29:39,421 - wework_admin_logger - INFO - 点击 添加部门
2022-11-28 19:29:39,422 - wework_admin_logger - INFO - 点击元素：xpath //a[text()='添加部门']
2022-11-28 19:29:39,423 - wework_admin_logger - INFO - 查找元素：xpath //a[text()='添加部门']
2022-11-28 19:29:39,487 - wework_admin_logger - INFO - 输入部门名称
2022-11-28 19:29:39,487 - wework_admin_logger - INFO - 查找元素：xpath //label[text()='部门名称']/../input
2022-11-28 19:29:39,530 - wework_admin_logger - INFO - 向元素xpath //label[text()='部门名称']/../input 输入内容：郭林
2022-11-28 19:29:39,555 - wework_admin_logger - INFO - 选择所属部门
2022-11-28 19:29:39,555 - wework_admin_logger - INFO - 点击元素：xpath //span[text()='选择所属部门']
2022-11-28 19:29:39,556 - wework_admin_logger - INFO - 查找元素：xpath //span[text()='选择所属部门']
2022-11-28 19:29:39,600 - wework_admin_logger - INFO - 查找元素：xpath //a[text()='测试企业-1']
2022-11-28 19:29:39,653 - wework_admin_logger - INFO - 点击确定
2022-11-28 19:29:39,653 - wework_admin_logger - INFO - 点击元素：xpath //a[text()='确定']
2022-11-28 19:29:39,654 - wework_admin_logger - INFO - 查找元素：xpath //a[text()='确定']
2022-11-28 19:29:39,705 - wework_admin_logger - INFO - 点击通讯录
2022-11-28 19:29:39,705 - wework_admin_logger - INFO - 点击元素：id menu_contacts
2022-11-28 19:29:39,705 - wework_admin_logger - INFO - 查找元素：id menu_contacts
2022-11-28 19:29:39,887 - wework_admin_logger - INFO - 查找元素：xpath //ul[@class='jstree-children']//a[text()='郭林']
2022-11-28 19:29:40,298 - wework_admin_logger - INFO - 点击元素：xpath //ul[@class='jstree-children']//a[text()='郭林']//span
2022-11-28 19:29:40,299 - wework_admin_logger - INFO - 查找元素：xpath //ul[@class='jstree-children']//a[text()='郭林']//span
2022-11-28 19:29:40,355 - wework_admin_logger - INFO - 点击元素：xpath //ul[@class='vakata-context jstree-contextmenu jstree-default-contextmenu']//a[text()='修改名称']
2022-11-28 19:29:40,355 - wework_admin_logger - INFO - 查找元素：xpath //ul[@class='vakata-context jstree-contextmenu jstree-default-contextmenu']//a[text()='修改名称']
2022-11-28 19:29:40,405 - wework_admin_logger - INFO - 查找元素：xpath //label[text()='部门名称']/../input
2022-11-28 19:29:40,505 - wework_admin_logger - INFO - 点击元素：xpath //div[@class='qui_dialog_foot ww_dialog_foot']/a[text()='保存']
2022-11-28 19:29:40,505 - wework_admin_logger - INFO - 查找元素：xpath //div[@class='qui_dialog_foot ww_dialog_foot']/a[text()='保存']
2022-11-28 19:29:40,564 - wework_admin_logger - INFO - 获取tips提示语
2022-11-28 19:29:41,578 - wework_admin_logger - INFO - 查找元素：id js_tips
2022-11-28 19:29:41,593 - wework_admin_logger - DEBUG - 断言修改名称
2022-11-28 19:29:41,594 - wework_admin_logger - INFO - 回到首页
2022-11-28 19:29:41,718 - wework_admin_logger - INFO - 点击通讯录
2022-11-28 19:29:41,718 - wework_admin_logger - INFO - 点击元素：id menu_contacts
2022-11-28 19:29:41,719 - wework_admin_logger - INFO - 查找元素：id menu_contacts
2022-11-28 19:29:41,789 - wework_admin_logger - INFO - 鼠标hover到郭林1669634979.33561
2022-11-28 19:29:41,789 - wework_admin_logger - INFO - 查找元素：xpath //ul[@class='jstree-children']//a[text()='郭林1669634979.33561']
2022-11-28 19:29:42,126 - wework_admin_logger - INFO - 点击更多按钮
2022-11-28 19:29:42,127 - wework_admin_logger - INFO - 点击元素：xpath //ul[@class='jstree-children']//a[text()='郭林1669634979.33561']//span
2022-11-28 19:29:42,127 - wework_admin_logger - INFO - 查找元素：xpath //ul[@class='jstree-children']//a[text()='郭林1669634979.33561']//span
2022-11-28 19:29:42,173 - wework_admin_logger - INFO - 点击删除
2022-11-28 19:29:42,173 - wework_admin_logger - INFO - 点击元素：xpath //ul[@class='vakata-context jstree-contextmenu jstree-default-contextmenu']//a[text()='删除']
2022-11-28 19:29:42,174 - wework_admin_logger - INFO - 查找元素：xpath //ul[@class='vakata-context jstree-contextmenu jstree-default-contextmenu']//a[text()='删除']
2022-11-28 19:29:42,221 - wework_admin_logger - INFO - 点击确认
2022-11-28 19:29:42,222 - wework_admin_logger - INFO - 点击元素：xpath //div[@class='qui_dialog_foot ww_dialog_foot']/a[text()='确定']
2022-11-28 19:29:42,222 - wework_admin_logger - INFO - 查找元素：xpath //div[@class='qui_dialog_foot ww_dialog_foot']/a[text()='确定']
2022-11-28 19:29:42,272 - wework_admin_logger - INFO - 关闭浏览器进程
2022-11-28 19:29:44,464 - wework_admin_logger - INFO - 创建driver
2022-11-28 19:29:46,998 - wework_admin_logger - INFO - 植入cookie
2022-11-28 19:29:47,048 - wework_admin_logger - INFO - 进入首页
2022-11-28 19:29:50,072 - wework_admin_logger - INFO - 点击通讯录
2022-11-28 19:29:50,072 - wework_admin_logger - INFO - 点击元素：id menu_contacts
2022-11-28 19:29:50,072 - wework_admin_logger - INFO - 查找元素：id menu_contacts
2022-11-28 19:29:50,146 - wework_admin_logger - INFO - 点击添加标签
2022-11-28 19:29:50,147 - wework_admin_logger - INFO - 点击元素：xpath //ul[@class='ww_btnGroup']//a[text()='标签']
2022-11-28 19:29:50,147 - wework_admin_logger - INFO - 查找元素：xpath //ul[@class='ww_btnGroup']//a[text()='标签']
2022-11-28 19:29:54,970 - wework_admin_logger - INFO - 输入标签名： 袁桂荣
2022-11-28 19:29:54,970 - wework_admin_logger - INFO - 查找元素：xpath //label[text()='标签名称 ']/../..//input
2022-11-28 19:29:55,009 - wework_admin_logger - INFO - 向元素xpath //label[text()='标签名称 ']/../..//input 输入内容：袁桂荣
2022-11-28 19:29:55,040 - wework_admin_logger - INFO - 点击确定
2022-11-28 19:29:55,040 - wework_admin_logger - INFO - 点击元素：xpath //div[@class='qui_dialog_foot ww_dialog_foot']/a[text()='确定']
2022-11-28 19:29:55,041 - wework_admin_logger - INFO - 查找元素：xpath //div[@class='qui_dialog_foot ww_dialog_foot']/a[text()='确定']
2022-11-28 19:29:55,098 - wework_admin_logger - INFO - 获取tips提示语
2022-11-28 19:29:56,105 - wework_admin_logger - INFO - 查找元素：id js_tips
2022-11-28 19:29:56,129 - wework_admin_logger - DEBUG - 断言创建标签: 袁桂荣
2022-11-28 19:29:56,130 - wework_admin_logger - INFO - 点击通讯录
2022-11-28 19:29:56,130 - wework_admin_logger - INFO - 点击元素：id menu_contacts
2022-11-28 19:29:56,130 - wework_admin_logger - INFO - 查找元素：id menu_contacts
2022-11-28 19:29:56,195 - wework_admin_logger - INFO - 点击标签tab
2022-11-28 19:29:56,196 - wework_admin_logger - INFO - 点击元素：xpath //ul[@class='ww_btnGroup']//a[text()='标签']
2022-11-28 19:29:56,196 - wework_admin_logger - INFO - 查找元素：xpath //ul[@class='ww_btnGroup']//a[text()='标签']
2022-11-28 19:29:56,248 - wework_admin_logger - INFO - 查找元素：xpath //ul[@class='member_tag_list']/li[text()='袁桂荣 ']
2022-11-28 19:29:56,531 - wework_admin_logger - INFO - 点击元素：xpath //ul[@class='member_tag_list']/li[text()='袁桂荣 ']//a
2022-11-28 19:29:56,531 - wework_admin_logger - INFO - 查找元素：xpath //ul[@class='member_tag_list']/li[text()='袁桂荣 ']//a
2022-11-28 19:29:56,576 - wework_admin_logger - INFO - 点击删除
2022-11-28 19:29:56,577 - wework_admin_logger - INFO - 点击元素：xpath //ul[@class='vakata-context jstree-contextmenu jstree-default-contextmenu']//a[text()='删除']
2022-11-28 19:29:56,578 - wework_admin_logger - INFO - 查找元素：xpath //ul[@class='vakata-context jstree-contextmenu jstree-default-contextmenu']//a[text()='删除']
2022-11-28 19:29:56,629 - wework_admin_logger - INFO - 点击确定
2022-11-28 19:29:56,630 - wework_admin_logger - INFO - 点击元素：xpath //div[@class='qui_dialog_foot ww_dialog_foot']/a[text()='确定']
2022-11-28 19:29:56,630 - wework_admin_logger - INFO - 查找元素：xpath //div[@class='qui_dialog_foot ww_dialog_foot']/a[text()='确定']
2022-11-28 19:29:56,745 - wework_admin_logger - INFO - 点击通讯录
2022-11-28 19:29:56,746 - wework_admin_logger - INFO - 点击元素：id menu_contacts
2022-11-28 19:29:56,746 - wework_admin_logger - INFO - 查找元素：id menu_contacts
2022-11-28 19:29:57,024 - wework_admin_logger - INFO - 点击添加标签
2022-11-28 19:29:57,026 - wework_admin_logger - INFO - 点击元素：xpath //ul[@class='ww_btnGroup']//a[text()='标签']
2022-11-28 19:29:57,026 - wework_admin_logger - INFO - 查找元素：xpath //ul[@class='ww_btnGroup']//a[text()='标签']
2022-11-28 19:29:57,169 - wework_admin_logger - INFO - 输入标签名： 张秀梅
2022-11-28 19:29:57,170 - wework_admin_logger - INFO - 查找元素：xpath //label[text()='标签名称 ']/../..//input
2022-11-28 19:29:57,211 - wework_admin_logger - INFO - 向元素xpath //label[text()='标签名称 ']/../..//input 输入内容：张秀梅
2022-11-28 19:29:57,240 - wework_admin_logger - INFO - 点击确定
2022-11-28 19:29:57,240 - wework_admin_logger - INFO - 点击元素：xpath //div[@class='qui_dialog_foot ww_dialog_foot']/a[text()='确定']
2022-11-28 19:29:57,240 - wework_admin_logger - INFO - 查找元素：xpath //div[@class='qui_dialog_foot ww_dialog_foot']/a[text()='确定']
2022-11-28 19:29:57,289 - wework_admin_logger - INFO - 点击通讯录
2022-11-28 19:29:57,290 - wework_admin_logger - INFO - 点击元素：id menu_contacts
2022-11-28 19:29:57,290 - wework_admin_logger - INFO - 查找元素：id menu_contacts
2022-11-28 19:29:57,793 - wework_admin_logger - INFO - 点击标签tab
2022-11-28 19:29:57,794 - wework_admin_logger - INFO - 点击元素：xpath //ul[@class='ww_btnGroup']//a[text()='标签']
2022-11-28 19:29:57,794 - wework_admin_logger - INFO - 查找元素：xpath //ul[@class='ww_btnGroup']//a[text()='标签']
2022-11-28 19:29:57,865 - wework_admin_logger - INFO - 查找元素：xpath //ul[@class='member_tag_list']/li[text()='张秀梅 ']
2022-11-28 19:29:58,145 - wework_admin_logger - INFO - 点击元素：xpath //ul[@class='member_tag_list']/li[text()='张秀梅 ']//a
2022-11-28 19:29:58,146 - wework_admin_logger - INFO - 查找元素：xpath //ul[@class='member_tag_list']/li[text()='张秀梅 ']//a
2022-11-28 19:29:58,206 - wework_admin_logger - INFO - 点击删除
2022-11-28 19:29:58,207 - wework_admin_logger - INFO - 点击元素：xpath //ul[@class='vakata-context jstree-contextmenu jstree-default-contextmenu']//a[text()='删除']
2022-11-28 19:29:58,207 - wework_admin_logger - INFO - 查找元素：xpath //ul[@class='vakata-context jstree-contextmenu jstree-default-contextmenu']//a[text()='删除']
2022-11-28 19:29:58,275 - wework_admin_logger - INFO - 点击确定
2022-11-28 19:29:58,276 - wework_admin_logger - INFO - 点击元素：xpath //div[@class='qui_dialog_foot ww_dialog_foot']/a[text()='确定']
2022-11-28 19:29:58,277 - wework_admin_logger - INFO - 查找元素：xpath //div[@class='qui_dialog_foot ww_dialog_foot']/a[text()='确定']
2022-11-28 19:29:58,345 - wework_admin_logger - INFO - 获取tips提示语
2022-11-28 19:29:59,353 - wework_admin_logger - INFO - 查找元素：id js_tips
2022-11-28 19:29:59,367 - wework_admin_logger - DEBUG - 断言删除标签: 张秀梅
2022-11-28 19:29:59,429 - wework_admin_logger - INFO - 点击通讯录
2022-11-28 19:29:59,429 - wework_admin_logger - INFO - 点击元素：id menu_contacts
2022-11-28 19:29:59,430 - wework_admin_logger - INFO - 查找元素：id menu_contacts
2022-11-28 19:29:59,505 - wework_admin_logger - INFO - 点击添加标签
2022-11-28 19:29:59,505 - wework_admin_logger - INFO - 点击元素：xpath //ul[@class='ww_btnGroup']//a[text()='标签']
2022-11-28 19:29:59,505 - wework_admin_logger - INFO - 查找元素：xpath //ul[@class='ww_btnGroup']//a[text()='标签']
2022-11-28 19:29:59,697 - wework_admin_logger - INFO - 输入标签名： 伍伟
2022-11-28 19:29:59,697 - wework_admin_logger - INFO - 查找元素：xpath //label[text()='标签名称 ']/../..//input
2022-11-28 19:29:59,743 - wework_admin_logger - INFO - 向元素xpath //label[text()='标签名称 ']/../..//input 输入内容：伍伟
2022-11-28 19:29:59,772 - wework_admin_logger - INFO - 点击确定
2022-11-28 19:29:59,773 - wework_admin_logger - INFO - 点击元素：xpath //div[@class='qui_dialog_foot ww_dialog_foot']/a[text()='确定']
2022-11-28 19:29:59,773 - wework_admin_logger - INFO - 查找元素：xpath //div[@class='qui_dialog_foot ww_dialog_foot']/a[text()='确定']
2022-11-28 19:29:59,831 - wework_admin_logger - INFO - 点击通讯录
2022-11-28 19:29:59,832 - wework_admin_logger - INFO - 点击元素：id menu_contacts
2022-11-28 19:29:59,833 - wework_admin_logger - INFO - 查找元素：id menu_contacts
2022-11-28 19:30:00,354 - wework_admin_logger - INFO - 点击元素：xpath //ul[@class='ww_btnGroup']//a[text()='标签']
2022-11-28 19:30:00,355 - wework_admin_logger - INFO - 查找元素：xpath //ul[@class='ww_btnGroup']//a[text()='标签']
2022-11-28 19:30:00,435 - wework_admin_logger - INFO - 鼠标hover
2022-11-28 19:30:00,436 - wework_admin_logger - INFO - 查找元素：xpath //ul[@class='member_tag_list']//li[text()='伍伟 ']
2022-11-28 19:30:00,720 - wework_admin_logger - INFO - 点击更多按钮
2022-11-28 19:30:00,721 - wework_admin_logger - INFO - 点击元素：xpath //ul[@class='member_tag_list']//li[text()='伍伟 ']/a
2022-11-28 19:30:00,721 - wework_admin_logger - INFO - 查找元素：xpath //ul[@class='member_tag_list']//li[text()='伍伟 ']/a
2022-11-28 19:30:00,772 - wework_admin_logger - INFO - 点击修改名称
2022-11-28 19:30:00,772 - wework_admin_logger - INFO - 点击元素：xpath //ul[@class='vakata-context jstree-contextmenu jstree-default-contextmenu']//a[text()='修改名称']
2022-11-28 19:30:00,773 - wework_admin_logger - INFO - 查找元素：xpath //ul[@class='vakata-context jstree-contextmenu jstree-default-contextmenu']//a[text()='修改名称']
2022-11-28 19:30:00,828 - wework_admin_logger - INFO - 查找元素：xpath //div[@class='member_tag_dialog_inputDlg']//input
2022-11-28 19:30:00,884 - wework_admin_logger - INFO - 向元素xpath //div[@class='member_tag_dialog_inputDlg']//input 输入内容：伍伟1669634999.4293802
2022-11-28 19:30:00,946 - wework_admin_logger - INFO - 点击确定
2022-11-28 19:30:00,946 - wework_admin_logger - INFO - 点击元素：xpath //div[@class='qui_dialog_foot ww_dialog_foot']/a[text()='确定']
2022-11-28 19:30:00,947 - wework_admin_logger - INFO - 查找元素：xpath //div[@class='qui_dialog_foot ww_dialog_foot']/a[text()='确定']
2022-11-28 19:30:00,995 - wework_admin_logger - INFO - 获取tips提示语
2022-11-28 19:30:02,005 - wework_admin_logger - INFO - 查找元素：id js_tips
2022-11-28 19:30:02,020 - wework_admin_logger - DEBUG - 断言修改标签名：伍伟
2022-11-28 19:30:02,020 - wework_admin_logger - INFO - 点击通讯录
2022-11-28 19:30:02,021 - wework_admin_logger - INFO - 点击元素：id menu_contacts
2022-11-28 19:30:02,021 - wework_admin_logger - INFO - 查找元素：id menu_contacts
2022-11-28 19:30:02,086 - wework_admin_logger - INFO - 点击标签tab
2022-11-28 19:30:02,087 - wework_admin_logger - INFO - 点击元素：xpath //ul[@class='ww_btnGroup']//a[text()='标签']
2022-11-28 19:30:02,087 - wework_admin_logger - INFO - 查找元素：xpath //ul[@class='ww_btnGroup']//a[text()='标签']
2022-11-28 19:30:02,147 - wework_admin_logger - INFO - 查找元素：xpath //ul[@class='member_tag_list']/li[text()='伍伟1669634999.4293802 ']
2022-11-28 19:30:02,477 - wework_admin_logger - INFO - 点击元素：xpath //ul[@class='member_tag_list']/li[text()='伍伟1669634999.4293802 ']//a
2022-11-28 19:30:02,477 - wework_admin_logger - INFO - 查找元素：xpath //ul[@class='member_tag_list']/li[text()='伍伟1669634999.4293802 ']//a
2022-11-28 19:30:02,517 - wework_admin_logger - INFO - 点击删除
2022-11-28 19:30:02,519 - wework_admin_logger - INFO - 点击元素：xpath //ul[@class='vakata-context jstree-contextmenu jstree-default-contextmenu']//a[text()='删除']
2022-11-28 19:30:02,519 - wework_admin_logger - INFO - 查找元素：xpath //ul[@class='vakata-context jstree-contextmenu jstree-default-contextmenu']//a[text()='删除']
2022-11-28 19:30:02,566 - wework_admin_logger - INFO - 点击确定
2022-11-28 19:30:02,567 - wework_admin_logger - INFO - 点击元素：xpath //div[@class='qui_dialog_foot ww_dialog_foot']/a[text()='确定']
2022-11-28 19:30:02,567 - wework_admin_logger - INFO - 查找元素：xpath //div[@class='qui_dialog_foot ww_dialog_foot']/a[text()='确定']
2022-11-28 19:30:02,623 - wework_admin_logger - INFO - 关闭浏览器进程
