2022-11-26 17:39:17,382 - wework_admin_logger - INFO - 初始化driver
2022-11-26 17:39:19,848 - wework_admin_logger - INFO - 植入cookie
2022-11-26 17:39:19,899 - wework_admin_logger - INFO - 进入首页
2022-11-26 17:39:21,939 - wework_admin_logger - INFO - 复用driver
2022-11-26 17:39:22,006 - wework_admin_logger - INFO - 点击添加成员
2022-11-26 17:39:22,838 - wework_admin_logger - INFO - 复用driver
2022-11-26 17:39:22,846 - wework_admin_logger - INFO - 输入成员信息：姓名： 陈秀荣、 accid：542428197405087640 、电话号码：15975531914
2022-11-26 17:39:23,273 - wework_admin_logger - INFO - 点击保存
2022-11-26 17:39:23,347 - wework_admin_logger - INFO - 复用driver
2022-11-26 17:39:23,355 - wework_admin_logger - INFO - 获取tips提示语
2022-11-26 17:39:24,374 - wework_admin_logger - DEBUG - 断言添加成功
2022-11-26 17:39:24,421 - wework_admin_logger - INFO - 点击通讯录
2022-11-26 17:39:24,509 - wework_admin_logger - INFO - 复用driver
2022-11-26 17:39:24,555 - wework_admin_logger - INFO - 点击添加成员
2022-11-26 17:39:24,676 - wework_admin_logger - INFO - 复用driver
2022-11-26 17:39:24,684 - wework_admin_logger - INFO - 输入成员信息：姓名： 张彬、 accid：361181198602094159 、电话号码：13182376311
2022-11-26 17:39:24,956 - wework_admin_logger - INFO - 点击保存
2022-11-26 17:39:25,011 - wework_admin_logger - INFO - 复用driver
2022-11-26 17:39:25,017 - wework_admin_logger - INFO - 获取tips提示语
2022-11-26 17:39:26,028 - wework_admin_logger - DEBUG - 断言添加成功
2022-11-26 17:39:26,074 - wework_admin_logger - INFO - 点击通讯录
2022-11-26 17:39:26,147 - wework_admin_logger - INFO - 复用driver
2022-11-26 17:39:26,188 - wework_admin_logger - INFO - 点击 + 
2022-11-26 17:39:26,231 - wework_admin_logger - INFO - 点击 添加部门
2022-11-26 17:39:26,293 - wework_admin_logger - INFO - 复用driver
2022-11-26 17:39:26,311 - wework_admin_logger - INFO - 输入部门名称
2022-11-26 17:39:26,392 - wework_admin_logger - INFO - 选择所属部门
2022-11-26 17:39:26,493 - wework_admin_logger - INFO - 点击确定
2022-11-26 17:39:26,552 - wework_admin_logger - INFO - 复用driver
2022-11-26 17:39:26,565 - wework_admin_logger - INFO - 获取tips提示语
2022-11-26 17:39:27,590 - wework_admin_logger - DEBUG - 断言添加部门成功
