2022-11-26 22:13:54,701 - wework_admin_logger - INFO - 创建driver
2022-11-26 22:13:57,041 - wework_admin_logger - INFO - 植入cookie
2022-11-26 22:13:57,090 - wework_admin_logger - INFO - 进入首页
2022-11-26 22:13:59,314 - wework_admin_logger - INFO - 复用已有的driver
2022-11-26 22:13:59,371 - wework_admin_logger - INFO - 点击添加成员
2022-11-26 22:14:00,310 - wework_admin_logger - INFO - 复用已有的driver
2022-11-26 22:14:00,317 - wework_admin_logger - INFO - 输入成员信息：姓名： 李丹、 accid：341003196806026804 、电话号码：13403010522
2022-11-26 22:14:00,792 - wework_admin_logger - INFO - 点击保存
2022-11-26 22:14:00,872 - wework_admin_logger - INFO - 复用已有的driver
2022-11-26 22:14:00,879 - wework_admin_logger - INFO - 获取tips提示语
2022-11-26 22:14:01,899 - wework_admin_logger - DEBUG - 断言添加成员成功
2022-11-26 22:14:01,953 - wework_admin_logger - INFO - 点击通讯录
2022-11-26 22:14:02,002 - wework_admin_logger - INFO - 复用已有的driver
2022-11-26 22:14:02,058 - wework_admin_logger - INFO - 点击添加成员
2022-11-26 22:14:02,182 - wework_admin_logger - INFO - 复用已有的driver
2022-11-26 22:14:02,190 - wework_admin_logger - INFO - 输入成员信息：姓名： 樊秀梅、 accid：141082198005083937 、电话号码：18122640371
2022-11-26 22:14:02,474 - wework_admin_logger - INFO - 点击保存
2022-11-26 22:14:02,592 - wework_admin_logger - INFO - 复用已有的driver
2022-11-26 22:14:02,619 - wework_admin_logger - INFO - 获取tips提示语
2022-11-26 22:14:03,620 - wework_admin_logger - DEBUG - 断言添加成员成功
