2022-11-26 23:05:25,291 - wework_admin_logger - INFO - 创建driver
2022-11-26 23:05:27,932 - wework_admin_logger - INFO - 植入cookie
2022-11-26 23:05:27,978 - wework_admin_logger - INFO - 进入首页
2022-11-26 23:05:30,419 - wework_admin_logger - INFO - 复用已有的driver
2022-11-26 23:05:30,487 - wework_admin_logger - INFO - 点击通讯录
2022-11-26 23:05:30,487 - wework_admin_logger - INFO - 点击元素：id menu_contacts
2022-11-26 23:05:30,487 - wework_admin_logger - INFO - 查找元素：id menu_contacts
2022-11-26 23:05:30,536 - wework_admin_logger - INFO - 复用已有的driver
2022-11-26 23:05:30,547 - wework_admin_logger - INFO - 点击 + 
2022-11-26 23:05:30,548 - wework_admin_logger - INFO - 点击元素：css selector .member_colLeft_top_addBtn
2022-11-26 23:05:30,549 - wework_admin_logger - INFO - 查找元素：css selector .member_colLeft_top_addBtn
2022-11-26 23:05:31,575 - wework_admin_logger - INFO - 点击 添加部门
2022-11-26 23:05:31,576 - wework_admin_logger - INFO - 点击元素：xpath //a[text()='添加部门']
2022-11-26 23:05:31,576 - wework_admin_logger - INFO - 查找元素：xpath //a[text()='添加部门']
2022-11-26 23:05:31,634 - wework_admin_logger - INFO - 复用已有的driver
2022-11-26 23:05:31,694 - wework_admin_logger - INFO - 输入部门名称
2022-11-26 23:05:31,694 - wework_admin_logger - INFO - 向元素xpath //label[text()='部门名称']/../input 输入内容：刘浩
2022-11-26 23:05:31,694 - wework_admin_logger - INFO - 查找元素：xpath //label[text()='部门名称']/../input
2022-11-26 23:05:31,772 - wework_admin_logger - INFO - 选择所属部门
2022-11-26 23:05:31,773 - wework_admin_logger - INFO - 点击元素：xpath //span[text()='选择所属部门']
2022-11-26 23:05:31,773 - wework_admin_logger - INFO - 查找元素：xpath //span[text()='选择所属部门']
2022-11-26 23:05:31,830 - wework_admin_logger - INFO - 点击元素：xpath //div[@class='qui_dialog_body ww_dialog_body']//a[text()='测试部门1']
2022-11-26 23:05:31,830 - wework_admin_logger - INFO - 查找元素：xpath //div[@class='qui_dialog_body ww_dialog_body']//a[text()='测试部门1']
2022-11-26 23:05:31,895 - wework_admin_logger - INFO - 点击确定
2022-11-26 23:05:31,895 - wework_admin_logger - INFO - 点击元素：xpath //a[text()='确定']
2022-11-26 23:05:31,895 - wework_admin_logger - INFO - 查找元素：xpath //a[text()='确定']
2022-11-26 23:05:31,961 - wework_admin_logger - INFO - 复用已有的driver
2022-11-26 23:05:31,968 - wework_admin_logger - INFO - 获取tips提示语
2022-11-26 23:05:32,978 - wework_admin_logger - INFO - 查找元素：id js_tips
2022-11-26 23:05:33,002 - wework_admin_logger - DEBUG - 断言添加部门成功
2022-11-26 23:05:33,005 - wework_admin_logger - INFO - 关闭浏览器进程
2022-11-26 23:05:35,159 - wework_admin_logger - INFO - 创建driver
2022-11-26 23:05:37,588 - wework_admin_logger - INFO - 植入cookie
2022-11-26 23:05:37,636 - wework_admin_logger - INFO - 进入首页
2022-11-26 23:05:41,563 - wework_admin_logger - INFO - 复用已有的driver
2022-11-26 23:05:41,616 - wework_admin_logger - INFO - 点击添加成员
2022-11-26 23:05:41,616 - wework_admin_logger - INFO - 点击元素：css selector .index_service_cnt_item
2022-11-26 23:05:41,616 - wework_admin_logger - INFO - 查找元素：css selector .index_service_cnt_item
2022-11-26 23:05:44,236 - wework_admin_logger - INFO - 复用已有的driver
2022-11-26 23:05:44,243 - wework_admin_logger - INFO - 输入成员信息：姓名： 吴飞、 accid：450122198908179287 、电话号码：15375349093
2022-11-26 23:05:44,243 - wework_admin_logger - INFO - 向元素id username 输入内容：吴飞
2022-11-26 23:05:44,244 - wework_admin_logger - INFO - 查找元素：id username
2022-11-26 23:05:44,538 - wework_admin_logger - INFO - 向元素id memberAdd_acctid 输入内容：450122198908179287
2022-11-26 23:05:44,538 - wework_admin_logger - INFO - 查找元素：id memberAdd_acctid
2022-11-26 23:05:44,682 - wework_admin_logger - INFO - 向元素id memberAdd_phone 输入内容：15375349093
2022-11-26 23:05:44,682 - wework_admin_logger - INFO - 查找元素：id memberAdd_phone
2022-11-26 23:05:44,790 - wework_admin_logger - INFO - 点击保存
2022-11-26 23:05:44,790 - wework_admin_logger - INFO - 点击元素：css selector .js_btn_save
2022-11-26 23:05:44,790 - wework_admin_logger - INFO - 查找元素：css selector .js_btn_save
2022-11-26 23:05:44,862 - wework_admin_logger - INFO - 复用已有的driver
2022-11-26 23:05:44,869 - wework_admin_logger - INFO - 获取tips提示语
2022-11-26 23:05:45,877 - wework_admin_logger - INFO - 查找元素：id js_tips
2022-11-26 23:05:45,893 - wework_admin_logger - DEBUG - 断言添加成员成功
2022-11-26 23:05:45,940 - wework_admin_logger - INFO - 点击通讯录
2022-11-26 23:05:45,940 - wework_admin_logger - INFO - 点击元素：id menu_contacts
2022-11-26 23:05:45,940 - wework_admin_logger - INFO - 查找元素：id menu_contacts
2022-11-26 23:05:45,999 - wework_admin_logger - INFO - 复用已有的driver
2022-11-26 23:05:46,018 - wework_admin_logger - INFO - 点击添加成员
2022-11-26 23:05:46,188 - wework_admin_logger - INFO - 复用已有的driver
2022-11-26 23:05:46,196 - wework_admin_logger - INFO - 输入成员信息：姓名： 吴梅、 accid：632321199702068295 、电话号码：13122358589
2022-11-26 23:05:46,196 - wework_admin_logger - INFO - 向元素id username 输入内容：吴梅
2022-11-26 23:05:46,196 - wework_admin_logger - INFO - 查找元素：id username
2022-11-26 23:05:46,261 - wework_admin_logger - INFO - 向元素id memberAdd_acctid 输入内容：632321199702068295
2022-11-26 23:05:46,261 - wework_admin_logger - INFO - 查找元素：id memberAdd_acctid
2022-11-26 23:05:46,394 - wework_admin_logger - INFO - 向元素id memberAdd_phone 输入内容：13122358589
2022-11-26 23:05:46,394 - wework_admin_logger - INFO - 查找元素：id memberAdd_phone
2022-11-26 23:05:46,482 - wework_admin_logger - INFO - 点击保存
2022-11-26 23:05:46,483 - wework_admin_logger - INFO - 点击元素：css selector .js_btn_save
2022-11-26 23:05:46,483 - wework_admin_logger - INFO - 查找元素：css selector .js_btn_save
2022-11-26 23:05:46,536 - wework_admin_logger - INFO - 复用已有的driver
2022-11-26 23:05:46,544 - wework_admin_logger - INFO - 获取tips提示语
2022-11-26 23:05:47,551 - wework_admin_logger - INFO - 查找元素：id js_tips
2022-11-26 23:05:47,551 - wework_admin_logger - DEBUG - 断言添加成员成功
2022-11-26 23:05:47,551 - wework_admin_logger - INFO - 关闭浏览器进程
