2022-11-26 22:32:24,536 - wework_admin_logger - INFO - 创建driver
2022-11-26 22:32:26,980 - wework_admin_logger - INFO - 植入cookie
2022-11-26 22:32:27,027 - wework_admin_logger - INFO - 进入首页
2022-11-26 22:32:29,172 - wework_admin_logger - INFO - 复用已有的driver
2022-11-26 22:32:29,239 - wework_admin_logger - INFO - 点击添加成员
2022-11-26 22:32:29,296 - wework_admin_logger - INFO - 复用已有的driver
2022-11-26 22:32:29,307 - wework_admin_logger - INFO - 输入成员信息：姓名： 杨丽、 accid：130100194310115405 、电话号码：15575918022
2022-11-26 22:32:30,511 - wework_admin_logger - INFO - 点击保存
2022-11-26 22:32:30,581 - wework_admin_logger - INFO - 复用已有的driver
2022-11-26 22:32:30,589 - wework_admin_logger - INFO - 获取tips提示语
2022-11-26 22:32:31,619 - wework_admin_logger - DEBUG - 断言添加成员成功
2022-11-26 22:32:31,666 - wework_admin_logger - INFO - 点击通讯录
2022-11-26 22:32:31,721 - wework_admin_logger - INFO - 复用已有的driver
2022-11-26 22:32:31,740 - wework_admin_logger - INFO - 点击添加成员
2022-11-26 22:32:35,411 - wework_admin_logger - INFO - 复用已有的driver
2022-11-26 22:32:35,419 - wework_admin_logger - INFO - 输入成员信息：姓名： 葛帆、 accid：513338197604262678 、电话号码：15268080731
2022-11-26 22:32:35,699 - wework_admin_logger - INFO - 点击保存
2022-11-26 22:32:35,758 - wework_admin_logger - INFO - 复用已有的driver
2022-11-26 22:32:35,767 - wework_admin_logger - INFO - 获取tips提示语
2022-11-26 22:32:36,787 - wework_admin_logger - DEBUG - 断言添加成员成功
2022-11-26 22:32:38,950 - wework_admin_logger - INFO - 创建driver
2022-11-26 22:32:41,328 - wework_admin_logger - INFO - 植入cookie
2022-11-26 22:32:41,378 - wework_admin_logger - INFO - 进入首页
2022-11-26 22:32:43,963 - wework_admin_logger - INFO - 复用已有的driver
2022-11-26 22:32:44,011 - wework_admin_logger - INFO - 点击通讯录
2022-11-26 22:32:44,064 - wework_admin_logger - INFO - 复用已有的driver
2022-11-26 22:32:44,076 - wework_admin_logger - INFO - 点击 + 
2022-11-26 22:32:45,332 - wework_admin_logger - INFO - 点击 添加部门
2022-11-26 22:32:45,482 - wework_admin_logger - INFO - 复用已有的driver
2022-11-26 22:32:45,501 - wework_admin_logger - INFO - 输入部门名称
2022-11-26 22:32:45,567 - wework_admin_logger - INFO - 选择所属部门
2022-11-26 22:32:45,684 - wework_admin_logger - INFO - 点击确定
2022-11-26 22:32:45,748 - wework_admin_logger - INFO - 复用已有的driver
2022-11-26 22:32:45,763 - wework_admin_logger - INFO - 获取tips提示语
2022-11-26 22:32:46,803 - wework_admin_logger - DEBUG - 断言添加部门成功
