2022-11-26 21:57:07,170 - wework_admin_logger - INFO - 植入cookie
2022-11-26 21:57:07,222 - wework_admin_logger - INFO - 进入首页
2022-11-26 21:57:09,566 - wework_admin_logger - INFO - 点击添加成员
2022-11-26 21:57:09,663 - wework_admin_logger - INFO - 输入成员信息：姓名： 赵秀荣、 accid：411501196207253338 、电话号码：13089770816
2022-11-26 21:57:11,004 - wework_admin_logger - INFO - 点击保存
2022-11-26 21:57:11,085 - wework_admin_logger - INFO - 获取tips提示语
2022-11-26 21:57:12,109 - wework_admin_logger - DEBUG - 断言添加成员成功
2022-11-26 21:57:12,156 - wework_admin_logger - INFO - 点击通讯录
2022-11-26 21:57:12,214 - wework_admin_logger - INFO - 点击添加成员
2022-11-26 21:57:15,971 - wework_admin_logger - INFO - 输入成员信息：姓名： 林玲、 accid：63250019640519053X 、电话号码：18035434342
2022-11-26 21:57:16,245 - wework_admin_logger - INFO - 点击保存
2022-11-26 21:57:16,316 - wework_admin_logger - INFO - 获取tips提示语
2022-11-26 21:57:17,345 - wework_admin_logger - DEBUG - 断言添加成员成功
2022-11-26 21:57:21,885 - wework_admin_logger - INFO - 植入cookie
2022-11-26 21:57:21,935 - wework_admin_logger - INFO - 进入首页
2022-11-26 21:57:23,994 - wework_admin_logger - INFO - 点击通讯录
2022-11-26 21:57:24,046 - wework_admin_logger - INFO - 点击 + 
2022-11-26 21:57:24,879 - wework_admin_logger - INFO - 点击 添加部门
2022-11-26 21:57:24,993 - wework_admin_logger - INFO - 输入部门名称
2022-11-26 21:57:25,075 - wework_admin_logger - INFO - 选择所属部门
2022-11-26 21:57:25,196 - wework_admin_logger - INFO - 点击确定
2022-11-26 21:57:25,270 - wework_admin_logger - INFO - 获取tips提示语
2022-11-26 21:57:26,296 - wework_admin_logger - DEBUG - 断言添加部门成功
