2022-11-26 14:01:57,737 - wework_admin_logger - INFO - 初始化driver
2022-11-26 14:02:01,365 - wework_admin_logger - INFO - 植入cookie
2022-11-26 14:02:01,415 - wework_admin_logger - INFO - 进入首页
2022-11-26 14:02:03,547 - wework_admin_logger - INFO - 复用driver
2022-11-26 14:02:03,621 - wework_admin_logger - INFO - 点击通讯录
2022-11-26 14:02:03,667 - wework_admin_logger - INFO - 复用driver
2022-11-26 14:02:03,675 - wework_admin_logger - INFO - 点击 + 
2022-11-26 14:02:04,298 - wework_admin_logger - INFO - 点击 添加部门
2022-11-26 14:02:04,411 - wework_admin_logger - INFO - 复用driver
2022-11-26 14:02:04,426 - wework_admin_logger - INFO - 输入部门名称
2022-11-26 14:02:04,525 - wework_admin_logger - INFO - 选择所属部门
2022-11-26 14:02:04,661 - wework_admin_logger - INFO - 点击确定
2022-11-26 14:02:04,892 - wework_admin_logger - INFO - 复用driver
2022-11-26 14:02:04,903 - wework_admin_logger - INFO - 获取tips提示语
2022-11-26 14:02:05,930 - wework_admin_logger - DEBUG - 断言添加部门成功
2022-11-26 14:02:08,072 - wework_admin_logger - INFO - 初始化driver
2022-11-26 14:02:10,492 - wework_admin_logger - INFO - 植入cookie
2022-11-26 14:02:10,547 - wework_admin_logger - INFO - 进入首页
2022-11-26 14:02:12,661 - wework_admin_logger - INFO - 复用driver
2022-11-26 14:02:12,711 - wework_admin_logger - INFO - 点击添加成员
2022-11-26 14:02:12,772 - wework_admin_logger - INFO - 复用driver
2022-11-26 14:02:12,781 - wework_admin_logger - INFO - 输入成员信息：姓名： 黄娜、 accid：350421200211105444 、电话号码：13048356795
2022-11-26 14:02:14,161 - wework_admin_logger - INFO - 点击保存
2022-11-26 14:02:14,235 - wework_admin_logger - INFO - 复用driver
2022-11-26 14:02:14,246 - wework_admin_logger - INFO - 获取tips提示语
2022-11-26 14:02:15,272 - wework_admin_logger - DEBUG - 断言添加成功
2022-11-26 14:02:15,319 - wework_admin_logger - INFO - 点击通讯录
2022-11-26 14:02:15,405 - wework_admin_logger - INFO - 复用driver
2022-11-26 14:02:15,449 - wework_admin_logger - INFO - 点击添加成员
2022-11-26 14:02:15,571 - wework_admin_logger - INFO - 复用driver
2022-11-26 14:02:15,580 - wework_admin_logger - INFO - 输入成员信息：姓名： 刘婷婷、 accid：410701198106223083 、电话号码：15557016548
2022-11-26 14:02:15,894 - wework_admin_logger - INFO - 点击保存
2022-11-26 14:02:15,946 - wework_admin_logger - INFO - 复用driver
2022-11-26 14:02:15,956 - wework_admin_logger - INFO - 获取tips提示语
2022-11-26 14:02:16,968 - wework_admin_logger - DEBUG - 断言添加成功
