2022-11-28 21:12:13,304 - wework_admin_logger - INFO - 创建driver
2022-11-28 21:12:15,944 - wework_admin_logger - INFO - 植入cookie
2022-11-28 21:12:15,993 - wework_admin_logger - INFO - 进入首页
2022-11-28 21:12:18,984 - wework_admin_logger - INFO - 回到首页
2022-11-28 21:12:19,125 - wework_admin_logger - INFO - 点击添加成员
2022-11-28 21:12:19,125 - wework_admin_logger - INFO - 点击元素：css selector .index_service_cnt_item
2022-11-28 21:12:19,125 - wework_admin_logger - INFO - 查找元素：css selector .index_service_cnt_item
2022-11-28 21:12:19,184 - wework_admin_logger - INFO - 输入成员信息：姓名： 汪莉、 accid：511803197507222776 、电话号码：15271582167
2022-11-28 21:12:19,185 - wework_admin_logger - INFO - 查找元素：id username
2022-11-28 21:12:20,397 - wework_admin_logger - INFO - 向元素id username 输入内容：汪莉
2022-11-28 21:12:20,424 - wework_admin_logger - INFO - 查找元素：id memberAdd_acctid
2022-11-28 21:12:20,460 - wework_admin_logger - INFO - 向元素id memberAdd_acctid 输入内容：511803197507222776
2022-11-28 21:12:20,547 - wework_admin_logger - INFO - 查找元素：id memberAdd_phone
2022-11-28 21:12:20,586 - wework_admin_logger - INFO - 向元素id memberAdd_phone 输入内容：15271582167
2022-11-28 21:12:20,643 - wework_admin_logger - INFO - 点击保存
2022-11-28 21:12:20,643 - wework_admin_logger - INFO - 点击元素：css selector .js_btn_save
2022-11-28 21:12:20,643 - wework_admin_logger - INFO - 查找元素：css selector .js_btn_save
2022-11-28 21:12:20,720 - wework_admin_logger - INFO - 获取tips提示语
2022-11-28 21:12:21,747 - wework_admin_logger - INFO - 查找元素：id js_tips
2022-11-28 21:12:21,762 - wework_admin_logger - DEBUG - 断言添加成员
2022-11-28 21:12:21,762 - wework_admin_logger - INFO - 回到首页
2022-11-28 21:12:21,858 - wework_admin_logger - INFO - 点击通讯录
2022-11-28 21:12:21,859 - wework_admin_logger - INFO - 点击元素：id menu_contacts
2022-11-28 21:12:21,859 - wework_admin_logger - INFO - 查找元素：id menu_contacts
2022-11-28 21:12:21,946 - wework_admin_logger - INFO - 勾选要删除的成员: 汪莉
2022-11-28 21:12:21,946 - wework_admin_logger - INFO - 点击元素：xpath //span[text()='汪莉']/../../td[1]
2022-11-28 21:12:21,946 - wework_admin_logger - INFO - 查找元素：xpath //span[text()='汪莉']/../../td[1]
2022-11-28 21:12:22,046 - wework_admin_logger - INFO - 点击删除
2022-11-28 21:12:22,047 - wework_admin_logger - INFO - 点击元素：css selector .ww_btn.js_delete
2022-11-28 21:12:22,047 - wework_admin_logger - INFO - 查找元素：css selector .ww_btn.js_delete
2022-11-28 21:12:22,102 - wework_admin_logger - INFO - 点击确认
2022-11-28 21:12:22,102 - wework_admin_logger - INFO - 点击元素：xpath //a[text()='确认']
2022-11-28 21:12:22,103 - wework_admin_logger - INFO - 查找元素：xpath //a[text()='确认']
2022-11-28 21:12:22,154 - wework_admin_logger - INFO - 回到首页
2022-11-28 21:12:22,258 - wework_admin_logger - INFO - 回到首页
2022-11-28 21:12:23,010 - wework_admin_logger - INFO - 点击通讯录
2022-11-28 21:12:23,010 - wework_admin_logger - INFO - 点击元素：id menu_contacts
2022-11-28 21:12:23,010 - wework_admin_logger - INFO - 查找元素：id menu_contacts
2022-11-28 21:12:23,246 - wework_admin_logger - INFO - 点击添加成员
2022-11-28 21:12:24,099 - wework_admin_logger - INFO - 输入成员信息：姓名： 阎飞、 accid：211282199911259264 、电话号码：18127974134
2022-11-28 21:12:24,100 - wework_admin_logger - INFO - 查找元素：id username
2022-11-28 21:12:24,139 - wework_admin_logger - INFO - 向元素id username 输入内容：阎飞
2022-11-28 21:12:24,166 - wework_admin_logger - INFO - 查找元素：id memberAdd_acctid
2022-11-28 21:12:24,201 - wework_admin_logger - INFO - 向元素id memberAdd_acctid 输入内容：211282199911259264
2022-11-28 21:12:24,285 - wework_admin_logger - INFO - 查找元素：id memberAdd_phone
2022-11-28 21:12:24,324 - wework_admin_logger - INFO - 向元素id memberAdd_phone 输入内容：18127974134
2022-11-28 21:12:24,401 - wework_admin_logger - INFO - 点击保存
2022-11-28 21:12:24,401 - wework_admin_logger - INFO - 点击元素：css selector .js_btn_save
2022-11-28 21:12:24,401 - wework_admin_logger - INFO - 查找元素：css selector .js_btn_save
2022-11-28 21:12:24,468 - wework_admin_logger - INFO - 获取tips提示语
2022-11-28 21:12:25,483 - wework_admin_logger - INFO - 查找元素：id js_tips
2022-11-28 21:12:25,503 - wework_admin_logger - DEBUG - 断言添加成员
2022-11-28 21:12:25,503 - wework_admin_logger - INFO - 回到首页
2022-11-28 21:12:25,588 - wework_admin_logger - INFO - 点击通讯录
2022-11-28 21:12:25,588 - wework_admin_logger - INFO - 点击元素：id menu_contacts
2022-11-28 21:12:25,588 - wework_admin_logger - INFO - 查找元素：id menu_contacts
2022-11-28 21:12:25,661 - wework_admin_logger - INFO - 勾选要删除的成员: 阎飞
2022-11-28 21:12:25,661 - wework_admin_logger - INFO - 点击元素：xpath //span[text()='阎飞']/../../td[1]
2022-11-28 21:12:25,661 - wework_admin_logger - INFO - 查找元素：xpath //span[text()='阎飞']/../../td[1]
2022-11-28 21:12:25,755 - wework_admin_logger - INFO - 点击删除
2022-11-28 21:12:25,756 - wework_admin_logger - INFO - 点击元素：css selector .ww_btn.js_delete
2022-11-28 21:12:25,756 - wework_admin_logger - INFO - 查找元素：css selector .ww_btn.js_delete
2022-11-28 21:12:25,810 - wework_admin_logger - INFO - 点击确认
2022-11-28 21:12:25,810 - wework_admin_logger - INFO - 点击元素：xpath //a[text()='确认']
2022-11-28 21:12:25,810 - wework_admin_logger - INFO - 查找元素：xpath //a[text()='确认']
2022-11-28 21:12:25,858 - wework_admin_logger - INFO - 回到首页
2022-11-28 21:12:25,956 - wework_admin_logger - INFO - 回到首页
2022-11-28 21:12:26,873 - wework_admin_logger - INFO - 点击添加成员
2022-11-28 21:12:26,874 - wework_admin_logger - INFO - 点击元素：css selector .index_service_cnt_item
2022-11-28 21:12:26,874 - wework_admin_logger - INFO - 查找元素：css selector .index_service_cnt_item
2022-11-28 21:12:26,991 - wework_admin_logger - INFO - 输入成员信息：姓名： 陈勇、 accid：150400193806044474 、电话号码：13322550270
2022-11-28 21:12:26,992 - wework_admin_logger - INFO - 查找元素：id username
2022-11-28 21:12:27,342 - wework_admin_logger - INFO - 向元素id username 输入内容：陈勇
2022-11-28 21:12:27,371 - wework_admin_logger - INFO - 查找元素：id memberAdd_acctid
2022-11-28 21:12:27,414 - wework_admin_logger - INFO - 向元素id memberAdd_acctid 输入内容：150400193806044474
2022-11-28 21:12:27,512 - wework_admin_logger - INFO - 查找元素：id memberAdd_phone
2022-11-28 21:12:27,550 - wework_admin_logger - INFO - 向元素id memberAdd_phone 输入内容：13322550270
2022-11-28 21:12:27,610 - wework_admin_logger - INFO - 点击保存
2022-11-28 21:12:27,610 - wework_admin_logger - INFO - 点击元素：css selector .js_btn_save
2022-11-28 21:12:27,611 - wework_admin_logger - INFO - 查找元素：css selector .js_btn_save
2022-11-28 21:12:27,686 - wework_admin_logger - INFO - 勾选要删除的成员: 陈勇
2022-11-28 21:12:27,686 - wework_admin_logger - INFO - 点击元素：xpath //span[text()='陈勇']/../../td[1]
2022-11-28 21:12:27,686 - wework_admin_logger - INFO - 查找元素：xpath //span[text()='陈勇']/../../td[1]
2022-11-28 21:12:28,871 - wework_admin_logger - INFO - 点击删除
2022-11-28 21:12:28,872 - wework_admin_logger - INFO - 点击元素：css selector .ww_btn.js_delete
2022-11-28 21:12:28,872 - wework_admin_logger - INFO - 查找元素：css selector .ww_btn.js_delete
2022-11-28 21:12:28,923 - wework_admin_logger - INFO - 点击确认
2022-11-28 21:12:28,923 - wework_admin_logger - INFO - 点击元素：xpath //a[text()='确认']
2022-11-28 21:12:28,924 - wework_admin_logger - INFO - 查找元素：xpath //a[text()='确认']
2022-11-28 21:12:28,973 - wework_admin_logger - INFO - 获取tips提示语
2022-11-28 21:12:29,976 - wework_admin_logger - INFO - 查找元素：id js_tips
2022-11-28 21:12:29,998 - wework_admin_logger - DEBUG - 断言删除成员
2022-11-28 21:12:29,999 - wework_admin_logger - INFO - 回到首页
2022-11-28 21:12:30,083 - wework_admin_logger - INFO - 关闭浏览器进程
2022-11-28 21:12:32,247 - wework_admin_logger - INFO - 创建driver
2022-11-28 21:12:34,756 - wework_admin_logger - INFO - 植入cookie
2022-11-28 21:12:34,810 - wework_admin_logger - INFO - 进入首页
2022-11-28 21:12:36,990 - wework_admin_logger - INFO - 点击通讯录
2022-11-28 21:12:36,991 - wework_admin_logger - INFO - 点击元素：id menu_contacts
2022-11-28 21:12:36,991 - wework_admin_logger - INFO - 查找元素：id menu_contacts
2022-11-28 21:12:37,054 - wework_admin_logger - INFO - 点击元素：css selector .member_colLeft_top_addBtn
2022-11-28 21:12:37,055 - wework_admin_logger - INFO - 查找元素：css selector .member_colLeft_top_addBtn
2022-11-28 21:12:37,793 - wework_admin_logger - INFO - 点击 添加部门
2022-11-28 21:12:37,794 - wework_admin_logger - INFO - 点击元素：xpath //a[text()='添加部门']
2022-11-28 21:12:37,794 - wework_admin_logger - INFO - 查找元素：xpath //a[text()='添加部门']
2022-11-28 21:12:37,914 - wework_admin_logger - INFO - 输入部门名称
2022-11-28 21:12:37,915 - wework_admin_logger - INFO - 查找元素：xpath //label[text()='部门名称']/../input
2022-11-28 21:12:37,964 - wework_admin_logger - INFO - 向元素xpath //label[text()='部门名称']/../input 输入内容：刘雪
2022-11-28 21:12:37,989 - wework_admin_logger - INFO - 选择所属部门
2022-11-28 21:12:37,990 - wework_admin_logger - INFO - 点击元素：xpath //span[text()='选择所属部门']
2022-11-28 21:12:37,990 - wework_admin_logger - INFO - 查找元素：xpath //span[text()='选择所属部门']
2022-11-28 21:12:38,088 - wework_admin_logger - INFO - 查找元素：xpath //a[text()='测试企业-1']
2022-11-28 21:12:38,137 - wework_admin_logger - INFO - 点击确定
2022-11-28 21:12:38,137 - wework_admin_logger - INFO - 点击元素：xpath //a[text()='确定']
2022-11-28 21:12:38,138 - wework_admin_logger - INFO - 查找元素：xpath //a[text()='确定']
2022-11-28 21:12:38,203 - wework_admin_logger - INFO - 获取tips提示语
2022-11-28 21:12:39,207 - wework_admin_logger - INFO - 查找元素：id js_tips
2022-11-28 21:12:39,222 - wework_admin_logger - DEBUG - 断言添加部门
2022-11-28 21:12:39,222 - wework_admin_logger - INFO - 回到首页
2022-11-28 21:12:39,321 - wework_admin_logger - INFO - 点击通讯录
2022-11-28 21:12:39,322 - wework_admin_logger - INFO - 点击元素：id menu_contacts
2022-11-28 21:12:39,322 - wework_admin_logger - INFO - 查找元素：id menu_contacts
2022-11-28 21:12:39,392 - wework_admin_logger - INFO - 鼠标hover到刘雪
2022-11-28 21:12:39,393 - wework_admin_logger - INFO - 查找元素：xpath //ul[@class='jstree-children']//a[text()='刘雪']
2022-11-28 21:12:39,685 - wework_admin_logger - INFO - 点击更多按钮
2022-11-28 21:12:39,685 - wework_admin_logger - INFO - 点击元素：xpath //ul[@class='jstree-children']//a[text()='刘雪']//span
2022-11-28 21:12:39,685 - wework_admin_logger - INFO - 查找元素：xpath //ul[@class='jstree-children']//a[text()='刘雪']//span
2022-11-28 21:12:39,725 - wework_admin_logger - INFO - 点击删除
2022-11-28 21:12:39,725 - wework_admin_logger - INFO - 点击元素：xpath //ul[@class='vakata-context jstree-contextmenu jstree-default-contextmenu']//a[text()='删除']
2022-11-28 21:12:39,725 - wework_admin_logger - INFO - 查找元素：xpath //ul[@class='vakata-context jstree-contextmenu jstree-default-contextmenu']//a[text()='删除']
2022-11-28 21:12:39,782 - wework_admin_logger - INFO - 点击确认
2022-11-28 21:12:39,782 - wework_admin_logger - INFO - 点击元素：xpath //div[@class='qui_dialog_foot ww_dialog_foot']/a[text()='确定']
2022-11-28 21:12:39,783 - wework_admin_logger - INFO - 查找元素：xpath //div[@class='qui_dialog_foot ww_dialog_foot']/a[text()='确定']
2022-11-28 21:12:39,896 - wework_admin_logger - INFO - 点击通讯录
2022-11-28 21:12:39,896 - wework_admin_logger - INFO - 点击元素：id menu_contacts
2022-11-28 21:12:39,897 - wework_admin_logger - INFO - 查找元素：id menu_contacts
2022-11-28 21:12:40,146 - wework_admin_logger - INFO - 点击元素：css selector .member_colLeft_top_addBtn
2022-11-28 21:12:40,146 - wework_admin_logger - INFO - 查找元素：css selector .member_colLeft_top_addBtn
2022-11-28 21:12:40,197 - wework_admin_logger - INFO - 点击 添加部门
2022-11-28 21:12:40,198 - wework_admin_logger - INFO - 点击元素：xpath //a[text()='添加部门']
2022-11-28 21:12:40,198 - wework_admin_logger - INFO - 查找元素：xpath //a[text()='添加部门']
2022-11-28 21:12:40,277 - wework_admin_logger - INFO - 输入部门名称
2022-11-28 21:12:40,279 - wework_admin_logger - INFO - 查找元素：xpath //label[text()='部门名称']/../input
2022-11-28 21:12:40,318 - wework_admin_logger - INFO - 向元素xpath //label[text()='部门名称']/../input 输入内容：刘梅
2022-11-28 21:12:40,346 - wework_admin_logger - INFO - 选择所属部门
2022-11-28 21:12:40,347 - wework_admin_logger - INFO - 点击元素：xpath //span[text()='选择所属部门']
2022-11-28 21:12:40,347 - wework_admin_logger - INFO - 查找元素：xpath //span[text()='选择所属部门']
2022-11-28 21:12:40,397 - wework_admin_logger - INFO - 查找元素：xpath //a[text()='测试企业-1']
2022-11-28 21:12:40,445 - wework_admin_logger - INFO - 点击确定
2022-11-28 21:12:40,445 - wework_admin_logger - INFO - 点击元素：xpath //a[text()='确定']
2022-11-28 21:12:40,445 - wework_admin_logger - INFO - 查找元素：xpath //a[text()='确定']
2022-11-28 21:12:40,501 - wework_admin_logger - INFO - 鼠标hover到刘梅
2022-11-28 21:12:40,502 - wework_admin_logger - INFO - 查找元素：xpath //ul[@class='jstree-children']//a[text()='刘梅']
2022-11-28 21:12:41,037 - wework_admin_logger - INFO - 点击更多按钮
2022-11-28 21:12:41,037 - wework_admin_logger - INFO - 点击元素：xpath //ul[@class='jstree-children']//a[text()='刘梅']//span
2022-11-28 21:12:41,038 - wework_admin_logger - INFO - 查找元素：xpath //ul[@class='jstree-children']//a[text()='刘梅']//span
2022-11-28 21:12:41,086 - wework_admin_logger - INFO - 点击删除
2022-11-28 21:12:41,086 - wework_admin_logger - INFO - 点击元素：xpath //ul[@class='vakata-context jstree-contextmenu jstree-default-contextmenu']//a[text()='删除']
2022-11-28 21:12:41,087 - wework_admin_logger - INFO - 查找元素：xpath //ul[@class='vakata-context jstree-contextmenu jstree-default-contextmenu']//a[text()='删除']
2022-11-28 21:12:41,128 - wework_admin_logger - INFO - 点击确认
2022-11-28 21:12:41,129 - wework_admin_logger - INFO - 点击元素：xpath //div[@class='qui_dialog_foot ww_dialog_foot']/a[text()='确定']
2022-11-28 21:12:41,129 - wework_admin_logger - INFO - 查找元素：xpath //div[@class='qui_dialog_foot ww_dialog_foot']/a[text()='确定']
2022-11-28 21:12:41,190 - wework_admin_logger - INFO - 获取tips提示语
2022-11-28 21:12:42,193 - wework_admin_logger - INFO - 查找元素：id js_tips
2022-11-28 21:12:42,193 - wework_admin_logger - DEBUG - 断言删除部门
2022-11-28 21:12:42,255 - wework_admin_logger - INFO - 点击通讯录
2022-11-28 21:12:42,255 - wework_admin_logger - INFO - 点击元素：id menu_contacts
2022-11-28 21:12:42,255 - wework_admin_logger - INFO - 查找元素：id menu_contacts
2022-11-28 21:12:42,310 - wework_admin_logger - INFO - 点击元素：css selector .member_colLeft_top_addBtn
2022-11-28 21:12:42,310 - wework_admin_logger - INFO - 查找元素：css selector .member_colLeft_top_addBtn
2022-11-28 21:12:42,343 - wework_admin_logger - INFO - 点击 添加部门
2022-11-28 21:12:42,344 - wework_admin_logger - INFO - 点击元素：xpath //a[text()='添加部门']
2022-11-28 21:12:42,344 - wework_admin_logger - INFO - 查找元素：xpath //a[text()='添加部门']
2022-11-28 21:12:42,421 - wework_admin_logger - INFO - 输入部门名称
2022-11-28 21:12:42,421 - wework_admin_logger - INFO - 查找元素：xpath //label[text()='部门名称']/../input
2022-11-28 21:12:42,487 - wework_admin_logger - INFO - 向元素xpath //label[text()='部门名称']/../input 输入内容：林磊
2022-11-28 21:12:42,515 - wework_admin_logger - INFO - 选择所属部门
2022-11-28 21:12:42,515 - wework_admin_logger - INFO - 点击元素：xpath //span[text()='选择所属部门']
2022-11-28 21:12:42,516 - wework_admin_logger - INFO - 查找元素：xpath //span[text()='选择所属部门']
2022-11-28 21:12:42,558 - wework_admin_logger - INFO - 查找元素：xpath //a[text()='测试企业-1']
2022-11-28 21:12:42,602 - wework_admin_logger - INFO - 点击确定
2022-11-28 21:12:42,607 - wework_admin_logger - INFO - 点击元素：xpath //a[text()='确定']
2022-11-28 21:12:42,608 - wework_admin_logger - INFO - 查找元素：xpath //a[text()='确定']
2022-11-28 21:12:42,667 - wework_admin_logger - INFO - 点击通讯录
2022-11-28 21:12:42,668 - wework_admin_logger - INFO - 点击元素：id menu_contacts
2022-11-28 21:12:42,669 - wework_admin_logger - INFO - 查找元素：id menu_contacts
2022-11-28 21:12:42,849 - wework_admin_logger - INFO - 查找元素：xpath //ul[@class='jstree-children']//a[text()='林磊']
2022-11-28 21:12:43,209 - wework_admin_logger - INFO - 点击元素：xpath //ul[@class='jstree-children']//a[text()='林磊']//span
2022-11-28 21:12:43,209 - wework_admin_logger - INFO - 查找元素：xpath //ul[@class='jstree-children']//a[text()='林磊']//span
2022-11-28 21:12:43,274 - wework_admin_logger - INFO - 点击元素：xpath //ul[@class='vakata-context jstree-contextmenu jstree-default-contextmenu']//a[text()='修改名称']
2022-11-28 21:12:43,275 - wework_admin_logger - INFO - 查找元素：xpath //ul[@class='vakata-context jstree-contextmenu jstree-default-contextmenu']//a[text()='修改名称']
2022-11-28 21:12:43,324 - wework_admin_logger - INFO - 查找元素：xpath //label[text()='部门名称']/../input
2022-11-28 21:12:43,442 - wework_admin_logger - INFO - 点击元素：xpath //div[@class='qui_dialog_foot ww_dialog_foot']/a[text()='保存']
2022-11-28 21:12:43,442 - wework_admin_logger - INFO - 查找元素：xpath //div[@class='qui_dialog_foot ww_dialog_foot']/a[text()='保存']
2022-11-28 21:12:43,492 - wework_admin_logger - INFO - 获取tips提示语
2022-11-28 21:12:44,506 - wework_admin_logger - INFO - 查找元素：id js_tips
2022-11-28 21:12:44,506 - wework_admin_logger - DEBUG - 断言修改名称
2022-11-28 21:12:44,521 - wework_admin_logger - INFO - 回到首页
2022-11-28 21:12:44,608 - wework_admin_logger - INFO - 点击通讯录
2022-11-28 21:12:44,609 - wework_admin_logger - INFO - 点击元素：id menu_contacts
2022-11-28 21:12:44,609 - wework_admin_logger - INFO - 查找元素：id menu_contacts
2022-11-28 21:12:44,675 - wework_admin_logger - INFO - 鼠标hover到林磊1669641162.2556741
2022-11-28 21:12:44,675 - wework_admin_logger - INFO - 查找元素：xpath //ul[@class='jstree-children']//a[text()='林磊1669641162.2556741']
2022-11-28 21:12:45,028 - wework_admin_logger - INFO - 点击更多按钮
2022-11-28 21:12:45,028 - wework_admin_logger - INFO - 点击元素：xpath //ul[@class='jstree-children']//a[text()='林磊1669641162.2556741']//span
2022-11-28 21:12:45,028 - wework_admin_logger - INFO - 查找元素：xpath //ul[@class='jstree-children']//a[text()='林磊1669641162.2556741']//span
2022-11-28 21:12:45,077 - wework_admin_logger - INFO - 点击删除
2022-11-28 21:12:45,077 - wework_admin_logger - INFO - 点击元素：xpath //ul[@class='vakata-context jstree-contextmenu jstree-default-contextmenu']//a[text()='删除']
2022-11-28 21:12:45,078 - wework_admin_logger - INFO - 查找元素：xpath //ul[@class='vakata-context jstree-contextmenu jstree-default-contextmenu']//a[text()='删除']
2022-11-28 21:12:45,122 - wework_admin_logger - INFO - 点击确认
2022-11-28 21:12:45,122 - wework_admin_logger - INFO - 点击元素：xpath //div[@class='qui_dialog_foot ww_dialog_foot']/a[text()='确定']
2022-11-28 21:12:45,122 - wework_admin_logger - INFO - 查找元素：xpath //div[@class='qui_dialog_foot ww_dialog_foot']/a[text()='确定']
2022-11-28 21:12:45,169 - wework_admin_logger - INFO - 关闭浏览器进程
2022-11-28 21:12:47,328 - wework_admin_logger - INFO - 创建driver
2022-11-28 21:12:50,118 - wework_admin_logger - INFO - 植入cookie
2022-11-28 21:12:50,169 - wework_admin_logger - INFO - 进入首页
2022-11-28 21:12:52,173 - wework_admin_logger - INFO - 点击通讯录
2022-11-28 21:12:52,173 - wework_admin_logger - INFO - 点击元素：id menu_contacts
2022-11-28 21:12:52,173 - wework_admin_logger - INFO - 查找元素：id menu_contacts
2022-11-28 21:12:52,231 - wework_admin_logger - INFO - 点击添加标签
2022-11-28 21:12:52,232 - wework_admin_logger - INFO - 点击元素：xpath //ul[@class='ww_btnGroup']//a[text()='标签']
2022-11-28 21:12:52,232 - wework_admin_logger - INFO - 查找元素：xpath //ul[@class='ww_btnGroup']//a[text()='标签']
2022-11-28 21:12:56,914 - wework_admin_logger - INFO - 输入标签名： 雷凯
2022-11-28 21:12:56,914 - wework_admin_logger - INFO - 查找元素：xpath //label[text()='标签名称 ']/../..//input
2022-11-28 21:12:56,954 - wework_admin_logger - INFO - 向元素xpath //label[text()='标签名称 ']/../..//input 输入内容：雷凯
2022-11-28 21:12:56,980 - wework_admin_logger - INFO - 点击确定
2022-11-28 21:12:56,981 - wework_admin_logger - INFO - 点击元素：xpath //div[@class='qui_dialog_foot ww_dialog_foot']/a[text()='确定']
2022-11-28 21:12:56,981 - wework_admin_logger - INFO - 查找元素：xpath //div[@class='qui_dialog_foot ww_dialog_foot']/a[text()='确定']
2022-11-28 21:12:57,037 - wework_admin_logger - INFO - 获取tips提示语
2022-11-28 21:12:58,038 - wework_admin_logger - INFO - 查找元素：id js_tips
2022-11-28 21:12:58,059 - wework_admin_logger - DEBUG - 断言创建标签: 雷凯
2022-11-28 21:12:58,059 - wework_admin_logger - INFO - 点击通讯录
2022-11-28 21:12:58,060 - wework_admin_logger - INFO - 点击元素：id menu_contacts
2022-11-28 21:12:58,060 - wework_admin_logger - INFO - 查找元素：id menu_contacts
2022-11-28 21:12:58,125 - wework_admin_logger - INFO - 点击标签tab
2022-11-28 21:12:58,126 - wework_admin_logger - INFO - 点击元素：xpath //ul[@class='ww_btnGroup']//a[text()='标签']
2022-11-28 21:12:58,126 - wework_admin_logger - INFO - 查找元素：xpath //ul[@class='ww_btnGroup']//a[text()='标签']
2022-11-28 21:12:58,182 - wework_admin_logger - INFO - 查找元素：xpath //ul[@class='member_tag_list']/li[text()='雷凯 ']
2022-11-28 21:12:58,470 - wework_admin_logger - INFO - 点击元素：xpath //ul[@class='member_tag_list']/li[text()='雷凯 ']//a
2022-11-28 21:12:58,470 - wework_admin_logger - INFO - 查找元素：xpath //ul[@class='member_tag_list']/li[text()='雷凯 ']//a
2022-11-28 21:12:58,510 - wework_admin_logger - INFO - 点击删除
2022-11-28 21:12:58,511 - wework_admin_logger - INFO - 点击元素：xpath //ul[@class='vakata-context jstree-contextmenu jstree-default-contextmenu']//a[text()='删除']
2022-11-28 21:12:58,511 - wework_admin_logger - INFO - 查找元素：xpath //ul[@class='vakata-context jstree-contextmenu jstree-default-contextmenu']//a[text()='删除']
2022-11-28 21:12:58,570 - wework_admin_logger - INFO - 点击确定
2022-11-28 21:12:58,570 - wework_admin_logger - INFO - 点击元素：xpath //div[@class='qui_dialog_foot ww_dialog_foot']/a[text()='确定']
2022-11-28 21:12:58,571 - wework_admin_logger - INFO - 查找元素：xpath //div[@class='qui_dialog_foot ww_dialog_foot']/a[text()='确定']
2022-11-28 21:12:58,686 - wework_admin_logger - INFO - 点击通讯录
2022-11-28 21:12:58,687 - wework_admin_logger - INFO - 点击元素：id menu_contacts
2022-11-28 21:12:58,687 - wework_admin_logger - INFO - 查找元素：id menu_contacts
2022-11-28 21:12:58,948 - wework_admin_logger - INFO - 点击添加标签
2022-11-28 21:12:58,949 - wework_admin_logger - INFO - 点击元素：xpath //ul[@class='ww_btnGroup']//a[text()='标签']
2022-11-28 21:12:58,949 - wework_admin_logger - INFO - 查找元素：xpath //ul[@class='ww_btnGroup']//a[text()='标签']
2022-11-28 21:12:59,103 - wework_admin_logger - INFO - 输入标签名： 熊桂珍
2022-11-28 21:12:59,104 - wework_admin_logger - INFO - 查找元素：xpath //label[text()='标签名称 ']/../..//input
2022-11-28 21:12:59,175 - wework_admin_logger - INFO - 向元素xpath //label[text()='标签名称 ']/../..//input 输入内容：熊桂珍
2022-11-28 21:12:59,204 - wework_admin_logger - INFO - 点击确定
2022-11-28 21:12:59,205 - wework_admin_logger - INFO - 点击元素：xpath //div[@class='qui_dialog_foot ww_dialog_foot']/a[text()='确定']
2022-11-28 21:12:59,205 - wework_admin_logger - INFO - 查找元素：xpath //div[@class='qui_dialog_foot ww_dialog_foot']/a[text()='确定']
2022-11-28 21:12:59,260 - wework_admin_logger - INFO - 点击通讯录
2022-11-28 21:12:59,260 - wework_admin_logger - INFO - 点击元素：id menu_contacts
2022-11-28 21:12:59,260 - wework_admin_logger - INFO - 查找元素：id menu_contacts
2022-11-28 21:12:59,771 - wework_admin_logger - INFO - 点击标签tab
2022-11-28 21:12:59,771 - wework_admin_logger - INFO - 点击元素：xpath //ul[@class='ww_btnGroup']//a[text()='标签']
2022-11-28 21:12:59,771 - wework_admin_logger - INFO - 查找元素：xpath //ul[@class='ww_btnGroup']//a[text()='标签']
2022-11-28 21:12:59,832 - wework_admin_logger - INFO - 查找元素：xpath //ul[@class='member_tag_list']/li[text()='熊桂珍 ']
2022-11-28 21:13:00,117 - wework_admin_logger - INFO - 点击元素：xpath //ul[@class='member_tag_list']/li[text()='熊桂珍 ']//a
2022-11-28 21:13:00,117 - wework_admin_logger - INFO - 查找元素：xpath //ul[@class='member_tag_list']/li[text()='熊桂珍 ']//a
2022-11-28 21:13:00,159 - wework_admin_logger - INFO - 点击删除
2022-11-28 21:13:00,159 - wework_admin_logger - INFO - 点击元素：xpath //ul[@class='vakata-context jstree-contextmenu jstree-default-contextmenu']//a[text()='删除']
2022-11-28 21:13:00,160 - wework_admin_logger - INFO - 查找元素：xpath //ul[@class='vakata-context jstree-contextmenu jstree-default-contextmenu']//a[text()='删除']
2022-11-28 21:13:00,209 - wework_admin_logger - INFO - 点击确定
2022-11-28 21:13:00,209 - wework_admin_logger - INFO - 点击元素：xpath //div[@class='qui_dialog_foot ww_dialog_foot']/a[text()='确定']
2022-11-28 21:13:00,210 - wework_admin_logger - INFO - 查找元素：xpath //div[@class='qui_dialog_foot ww_dialog_foot']/a[text()='确定']
2022-11-28 21:13:00,253 - wework_admin_logger - INFO - 获取tips提示语
2022-11-28 21:13:01,256 - wework_admin_logger - INFO - 查找元素：id js_tips
2022-11-28 21:13:01,271 - wework_admin_logger - DEBUG - 断言删除标签: 熊桂珍
2022-11-28 21:13:01,318 - wework_admin_logger - INFO - 点击通讯录
2022-11-28 21:13:01,318 - wework_admin_logger - INFO - 点击元素：id menu_contacts
2022-11-28 21:13:01,318 - wework_admin_logger - INFO - 查找元素：id menu_contacts
2022-11-28 21:13:01,381 - wework_admin_logger - INFO - 点击添加标签
2022-11-28 21:13:01,382 - wework_admin_logger - INFO - 点击元素：xpath //ul[@class='ww_btnGroup']//a[text()='标签']
2022-11-28 21:13:01,383 - wework_admin_logger - INFO - 查找元素：xpath //ul[@class='ww_btnGroup']//a[text()='标签']
2022-11-28 21:13:01,511 - wework_admin_logger - INFO - 输入标签名： 项建军
2022-11-28 21:13:01,511 - wework_admin_logger - INFO - 查找元素：xpath //label[text()='标签名称 ']/../..//input
2022-11-28 21:13:01,545 - wework_admin_logger - INFO - 向元素xpath //label[text()='标签名称 ']/../..//input 输入内容：项建军
2022-11-28 21:13:01,575 - wework_admin_logger - INFO - 点击确定
2022-11-28 21:13:01,575 - wework_admin_logger - INFO - 点击元素：xpath //div[@class='qui_dialog_foot ww_dialog_foot']/a[text()='确定']
2022-11-28 21:13:01,575 - wework_admin_logger - INFO - 查找元素：xpath //div[@class='qui_dialog_foot ww_dialog_foot']/a[text()='确定']
2022-11-28 21:13:01,628 - wework_admin_logger - INFO - 点击通讯录
2022-11-28 21:13:01,628 - wework_admin_logger - INFO - 点击元素：id menu_contacts
2022-11-28 21:13:01,628 - wework_admin_logger - INFO - 查找元素：id menu_contacts
2022-11-28 21:13:02,137 - wework_admin_logger - INFO - 点击元素：xpath //ul[@class='ww_btnGroup']//a[text()='标签']
2022-11-28 21:13:02,138 - wework_admin_logger - INFO - 查找元素：xpath //ul[@class='ww_btnGroup']//a[text()='标签']
2022-11-28 21:13:02,194 - wework_admin_logger - INFO - 鼠标hover
2022-11-28 21:13:02,195 - wework_admin_logger - INFO - 查找元素：xpath //ul[@class='member_tag_list']//li[text()='项建军 ']
2022-11-28 21:13:02,477 - wework_admin_logger - INFO - 点击更多按钮
2022-11-28 21:13:02,478 - wework_admin_logger - INFO - 点击元素：xpath //ul[@class='member_tag_list']//li[text()='项建军 ']/a
2022-11-28 21:13:02,478 - wework_admin_logger - INFO - 查找元素：xpath //ul[@class='member_tag_list']//li[text()='项建军 ']/a
2022-11-28 21:13:02,517 - wework_admin_logger - INFO - 点击修改名称
2022-11-28 21:13:02,518 - wework_admin_logger - INFO - 点击元素：xpath //ul[@class='vakata-context jstree-contextmenu jstree-default-contextmenu']//a[text()='修改名称']
2022-11-28 21:13:02,518 - wework_admin_logger - INFO - 查找元素：xpath //ul[@class='vakata-context jstree-contextmenu jstree-default-contextmenu']//a[text()='修改名称']
2022-11-28 21:13:02,573 - wework_admin_logger - INFO - 查找元素：xpath //div[@class='member_tag_dialog_inputDlg']//input
2022-11-28 21:13:02,619 - wework_admin_logger - INFO - 向元素xpath //div[@class='member_tag_dialog_inputDlg']//input 输入内容：项建军1669641181.3185074
2022-11-28 21:13:02,694 - wework_admin_logger - INFO - 点击确定
2022-11-28 21:13:02,695 - wework_admin_logger - INFO - 点击元素：xpath //div[@class='qui_dialog_foot ww_dialog_foot']/a[text()='确定']
2022-11-28 21:13:02,695 - wework_admin_logger - INFO - 查找元素：xpath //div[@class='qui_dialog_foot ww_dialog_foot']/a[text()='确定']
2022-11-28 21:13:02,742 - wework_admin_logger - INFO - 获取tips提示语
2022-11-28 21:13:03,753 - wework_admin_logger - INFO - 查找元素：id js_tips
2022-11-28 21:13:03,753 - wework_admin_logger - DEBUG - 断言修改标签名：项建军
2022-11-28 21:13:03,767 - wework_admin_logger - INFO - 点击通讯录
2022-11-28 21:13:03,767 - wework_admin_logger - INFO - 点击元素：id menu_contacts
2022-11-28 21:13:03,767 - wework_admin_logger - INFO - 查找元素：id menu_contacts
2022-11-28 21:13:03,834 - wework_admin_logger - INFO - 点击标签tab
2022-11-28 21:13:03,834 - wework_admin_logger - INFO - 点击元素：xpath //ul[@class='ww_btnGroup']//a[text()='标签']
2022-11-28 21:13:03,835 - wework_admin_logger - INFO - 查找元素：xpath //ul[@class='ww_btnGroup']//a[text()='标签']
2022-11-28 21:13:03,892 - wework_admin_logger - INFO - 查找元素：xpath //ul[@class='member_tag_list']/li[text()='项建军1669641181.3185074 ']
2022-11-28 21:13:04,186 - wework_admin_logger - INFO - 点击元素：xpath //ul[@class='member_tag_list']/li[text()='项建军1669641181.3185074 ']//a
2022-11-28 21:13:04,190 - wework_admin_logger - INFO - 查找元素：xpath //ul[@class='member_tag_list']/li[text()='项建军1669641181.3185074 ']//a
2022-11-28 21:13:04,265 - wework_admin_logger - INFO - 点击删除
2022-11-28 21:13:04,265 - wework_admin_logger - INFO - 点击元素：xpath //ul[@class='vakata-context jstree-contextmenu jstree-default-contextmenu']//a[text()='删除']
2022-11-28 21:13:04,266 - wework_admin_logger - INFO - 查找元素：xpath //ul[@class='vakata-context jstree-contextmenu jstree-default-contextmenu']//a[text()='删除']
2022-11-28 21:13:04,308 - wework_admin_logger - INFO - 点击确定
2022-11-28 21:13:04,308 - wework_admin_logger - INFO - 点击元素：xpath //div[@class='qui_dialog_foot ww_dialog_foot']/a[text()='确定']
2022-11-28 21:13:04,309 - wework_admin_logger - INFO - 查找元素：xpath //div[@class='qui_dialog_foot ww_dialog_foot']/a[text()='确定']
2022-11-28 21:13:04,355 - wework_admin_logger - INFO - 关闭浏览器进程
